{
    "meta": {
        "format": 3,
        "version": "7.9.1",
        "timestamp": "2025-06-26T16:44:11.387958",
        "branch_coverage": false,
        "show_contexts": false
    },
    "files": {
        "app/invoke_data_pull.py": {
            "executed_lines": [
                1,
                3,
                4,
                5,
                6,
                7,
                8,
                9,
                10,
                11,
                12,
                13,
                19,
                20,
                21,
                23,
                24,
                29,
                31,
                32,
                35,
                36,
                38,
                41,
                43,
                44,
                45,
                48,
                49,
                57,
                58,
                60,
                61,
                62,
                64,
                67,
                68,
                71,
                72,
                73,
                74,
                75,
                80,
                81,
                83,
                84,
                85,
                86,
                88,
                89,
                92,
                94,
                95,
                96,
                97,
                98,
                99,
                100,
                101,
                102,
                103,
                105,
                108,
                110,
                112,
                113,
                114,
                116,
                117,
                118,
                125,
                127,
                128,
                129,
                131,
                132,
                133,
                134,
                136,
                137,
                138,
                139,
                141,
                143,
                144,
                145,
                148,
                151,
                153,
                155,
                156,
                157,
                163,
                165,
                166,
                167
            ],
            "summary": {
                "covered_lines": 95,
                "num_statements": 95,
                "percent_covered": 100.0,
                "percent_covered_display": "100",
                "missing_lines": 0,
                "excluded_lines": 0
            },
            "missing_lines": [],
            "excluded_lines": [],
            "functions": {
                "get_secrets": {
                    "executed_lines": [
                        31,
                        32,
                        35,
                        36,
                        38
                    ],
                    "summary": {
                        "covered_lines": 5,
                        "num_statements": 5,
                        "percent_covered": 100.0,
                        "percent_covered_display": "100",
                        "missing_lines": 0,
                        "excluded_lines": 0
                    },
                    "missing_lines": [],
                    "excluded_lines": []
                },
                "fetch_new_leads": {
                    "executed_lines": [
                        43,
                        44,
                        45,
                        48,
                        49,
                        57,
                        58,
                        60,
                        61,
                        62,
                        64,
                        67,
                        68,
                        71,
                        72,
                        73,
                        74,
                        75,
                        80,
                        81,
                        83,
                        84,
                        85,
                        86,
                        88,
                        89
                    ],
                    "summary": {
                        "covered_lines": 26,
                        "num_statements": 26,
                        "percent_covered": 100.0,
                        "percent_covered_display": "100",
                        "missing_lines": 0,
                        "excluded_lines": 0
                    },
                    "missing_lines": [],
                    "excluded_lines": []
                },
                "filter_leads": {
                    "executed_lines": [
                        94,
                        95,
                        96,
                        97,
                        98,
                        99,
                        100,
                        101,
                        102,
                        103,
                        105
                    ],
                    "summary": {
                        "covered_lines": 11,
                        "num_statements": 11,
                        "percent_covered": 100.0,
                        "percent_covered_display": "100",
                        "missing_lines": 0,
                        "excluded_lines": 0
                    },
                    "missing_lines": [],
                    "excluded_lines": []
                },
                "save_raw_leads": {
                    "executed_lines": [
                        110,
                        112,
                        113,
                        114,
                        116,
                        117,
                        118
                    ],
                    "summary": {
                        "covered_lines": 7,
                        "num_statements": 7,
                        "percent_covered": 100.0,
                        "percent_covered_display": "100",
                        "missing_lines": 0,
                        "excluded_lines": 0
                    },
                    "missing_lines": [],
                    "excluded_lines": []
                },
                "record_handler": {
                    "executed_lines": [
                        127,
                        128,
                        129,
                        131,
                        132,
                        133,
                        134,
                        136,
                        137,
                        138,
                        139,
                        141,
                        143,
                        144,
                        145,
                        148
                    ],
                    "summary": {
                        "covered_lines": 16,
                        "num_statements": 16,
                        "percent_covered": 100.0,
                        "percent_covered_display": "100",
                        "missing_lines": 0,
                        "excluded_lines": 0
                    },
                    "missing_lines": [],
                    "excluded_lines": []
                },
                "lambda_handler": {
                    "executed_lines": [
                        153,
                        155,
                        156,
                        157,
                        163,
                        165,
                        166,
                        167
                    ],
                    "summary": {
                        "covered_lines": 8,
                        "num_statements": 8,
                        "percent_covered": 100.0,
                        "percent_covered_display": "100",
                        "missing_lines": 0,
                        "excluded_lines": 0
                    },
                    "missing_lines": [],
                    "excluded_lines": []
                },
                "": {
                    "executed_lines": [
                        1,
                        3,
                        4,
                        5,
                        6,
                        7,
                        8,
                        9,
                        10,
                        11,
                        12,
                        13,
                        19,
                        20,
                        21,
                        23,
                        24,
                        29,
                        41,
                        92,
                        108,
                        125,
                        151
                    ],
                    "summary": {
                        "covered_lines": 22,
                        "num_statements": 22,
                        "percent_covered": 100.0,
                        "percent_covered_display": "100",
                        "missing_lines": 0,
                        "excluded_lines": 0
                    },
                    "missing_lines": [],
                    "excluded_lines": []
                }
            },
            "classes": {
                "": {
                    "executed_lines": [
                        1,
                        3,
                        4,
                        5,
                        6,
                        7,
                        8,
                        9,
                        10,
                        11,
                        12,
                        13,
                        19,
                        20,
                        21,
                        23,
                        24,
                        29,
                        31,
                        32,
                        35,
                        36,
                        38,
                        41,
                        43,
                        44,
                        45,
                        48,
                        49,
                        57,
                        58,
                        60,
                        61,
                        62,
                        64,
                        67,
                        68,
                        71,
                        72,
                        73,
                        74,
                        75,
                        80,
                        81,
                        83,
                        84,
                        85,
                        86,
                        88,
                        89,
                        92,
                        94,
                        95,
                        96,
                        97,
                        98,
                        99,
                        100,
                        101,
                        102,
                        103,
                        105,
                        108,
                        110,
                        112,
                        113,
                        114,
                        116,
                        117,
                        118,
                        125,
                        127,
                        128,
                        129,
                        131,
                        132,
                        133,
                        134,
                        136,
                        137,
                        138,
                        139,
                        141,
                        143,
                        144,
                        145,
                        148,
                        151,
                        153,
                        155,
                        156,
                        157,
                        163,
                        165,
                        166,
                        167
                    ],
                    "summary": {
                        "covered_lines": 95,
                        "num_statements": 95,
                        "percent_covered": 100.0,
                        "percent_covered_display": "100",
                        "missing_lines": 0,
                        "excluded_lines": 0
                    },
                    "missing_lines": [],
                    "excluded_lines": []
                }
            }
        },
        "app/lead_updates.py": {
            "executed_lines": [
                1,
                3,
                4,
                5,
                6,
                7,
                8,
                9,
                11,
                12,
                13,
                15,
                16,
                19,
                21,
                23,
                26,
                27,
                29,
                32,
                34,
                35,
                36,
                37,
                42,
                43,
                44,
                47,
                49,
                51,
                52,
                54,
                55,
                57,
                58,
                60,
                61,
                62,
                64,
                75,
                77,
                78,
                80,
                81,
                82,
                89,
                93,
                94,
                97,
                98,
                99,
                100,
                101,
                102,
                105,
                107,
                108,
                109,
                116,
                117,
                119,
                122,
                129,
                138,
                140,
                142,
                144,
                145,
                146,
                148,
                149,
                151,
                156,
                157,
                158,
                160,
                165,
                167,
                171
            ],
            "summary": {
                "covered_lines": 78,
                "num_statements": 78,
                "percent_covered": 100.0,
                "percent_covered_display": "100",
                "missing_lines": 0,
                "excluded_lines": 0
            },
            "missing_lines": [],
            "excluded_lines": [],
            "functions": {
                "get_secrets": {
                    "executed_lines": [
                        21,
                        23,
                        26,
                        27,
                        29
                    ],
                    "summary": {
                        "covered_lines": 5,
                        "num_statements": 5,
                        "percent_covered": 100.0,
                        "percent_covered_display": "100",
                        "missing_lines": 0,
                        "excluded_lines": 0
                    },
                    "missing_lines": [],
                    "excluded_lines": []
                },
                "get_lead": {
                    "executed_lines": [
                        34,
                        35,
                        36,
                        37,
                        42,
                        43,
                        44
                    ],
                    "summary": {
                        "covered_lines": 7,
                        "num_statements": 7,
                        "percent_covered": 100.0,
                        "percent_covered_display": "100",
                        "missing_lines": 0,
                        "excluded_lines": 0
                    },
                    "missing_lines": [],
                    "excluded_lines": []
                },
                "parse_salesperson": {
                    "executed_lines": [
                        49,
                        51,
                        52,
                        54,
                        55,
                        57,
                        58,
                        60,
                        61,
                        62,
                        64
                    ],
                    "summary": {
                        "covered_lines": 11,
                        "num_statements": 11,
                        "percent_covered": 100.0,
                        "percent_covered_display": "100",
                        "missing_lines": 0,
                        "excluded_lines": 0
                    },
                    "missing_lines": [],
                    "excluded_lines": []
                },
                "send_sqs_message": {
                    "executed_lines": [
                        77,
                        78,
                        80,
                        81,
                        82,
                        89,
                        93,
                        94
                    ],
                    "summary": {
                        "covered_lines": 8,
                        "num_statements": 8,
                        "percent_covered": 100.0,
                        "percent_covered_display": "100",
                        "missing_lines": 0,
                        "excluded_lines": 0
                    },
                    "missing_lines": [],
                    "excluded_lines": []
                },
                "get_salesperson_by_lead_id": {
                    "executed_lines": [
                        98,
                        99,
                        100,
                        101,
                        102,
                        105,
                        107,
                        108,
                        109,
                        116,
                        117,
                        119,
                        122,
                        129
                    ],
                    "summary": {
                        "covered_lines": 14,
                        "num_statements": 14,
                        "percent_covered": 100.0,
                        "percent_covered_display": "100",
                        "missing_lines": 0,
                        "excluded_lines": 0
                    },
                    "missing_lines": [],
                    "excluded_lines": []
                },
                "lambda_handler": {
                    "executed_lines": [
                        140,
                        142,
                        144,
                        145,
                        146,
                        148,
                        149,
                        151,
                        156,
                        157,
                        158,
                        160,
                        165,
                        167,
                        171
                    ],
                    "summary": {
                        "covered_lines": 15,
                        "num_statements": 15,
                        "percent_covered": 100.0,
                        "percent_covered_display": "100",
                        "missing_lines": 0,
                        "excluded_lines": 0
                    },
                    "missing_lines": [],
                    "excluded_lines": []
                },
                "": {
                    "executed_lines": [
                        1,
                        3,
                        4,
                        5,
                        6,
                        7,
                        8,
                        9,
                        11,
                        12,
                        13,
                        15,
                        16,
                        19,
                        32,
                        47,
                        75,
                        97,
                        138
                    ],
                    "summary": {
                        "covered_lines": 18,
                        "num_statements": 18,
                        "percent_covered": 100.0,
                        "percent_covered_display": "100",
                        "missing_lines": 0,
                        "excluded_lines": 0
                    },
                    "missing_lines": [],
                    "excluded_lines": []
                }
            },
            "classes": {
                "": {
                    "executed_lines": [
                        1,
                        3,
                        4,
                        5,
                        6,
                        7,
                        8,
                        9,
                        11,
                        12,
                        13,
                        15,
                        16,
                        19,
                        21,
                        23,
                        26,
                        27,
                        29,
                        32,
                        34,
                        35,
                        36,
                        37,
                        42,
                        43,
                        44,
                        47,
                        49,
                        51,
                        52,
                        54,
                        55,
                        57,
                        58,
                        60,
                        61,
                        62,
                        64,
                        75,
                        77,
                        78,
                        80,
                        81,
                        82,
                        89,
                        93,
                        94,
                        97,
                        98,
                        99,
                        100,
                        101,
                        102,
                        105,
                        107,
                        108,
                        109,
                        116,
                        117,
                        119,
                        122,
                        129,
                        138,
                        140,
                        142,
                        144,
                        145,
                        146,
                        148,
                        149,
                        151,
                        156,
                        157,
                        158,
                        160,
                        165,
                        167,
                        171
                    ],
                    "summary": {
                        "covered_lines": 78,
                        "num_statements": 78,
                        "percent_covered": 100.0,
                        "percent_covered_display": "100",
                        "missing_lines": 0,
                        "excluded_lines": 0
                    },
                    "missing_lines": [],
                    "excluded_lines": []
                }
            }
        },
        "app/monitoring.py": {
            "executed_lines": [
                1,
                2,
                3,
                4,
                5,
                6,
                8,
                10,
                11,
                14,
                16,
                17,
                18,
                20,
                21,
                24,
                27,
                28,
                30,
                32,
                35,
                37,
                39,
                40,
                42,
                43,
                44,
                45,
                48,
                50,
                51
            ],
            "summary": {
                "covered_lines": 31,
                "num_statements": 31,
                "percent_covered": 100.0,
                "percent_covered_display": "100",
                "missing_lines": 0,
                "excluded_lines": 0
            },
            "missing_lines": [],
            "excluded_lines": [],
            "functions": {
                "decode_logs_event": {
                    "executed_lines": [
                        16,
                        17,
                        18,
                        20,
                        21
                    ],
                    "summary": {
                        "covered_lines": 5,
                        "num_statements": 5,
                        "percent_covered": 100.0,
                        "percent_covered_display": "100",
                        "missing_lines": 0,
                        "excluded_lines": 0
                    },
                    "missing_lines": [],
                    "excluded_lines": []
                },
                "process_support_log": {
                    "executed_lines": [
                        27,
                        28,
                        30,
                        32
                    ],
                    "summary": {
                        "covered_lines": 4,
                        "num_statements": 4,
                        "percent_covered": 100.0,
                        "percent_covered_display": "100",
                        "missing_lines": 0,
                        "excluded_lines": 0
                    },
                    "missing_lines": [],
                    "excluded_lines": []
                },
                "lambda_handler": {
                    "executed_lines": [
                        37,
                        39,
                        40,
                        42,
                        43,
                        44,
                        45
                    ],
                    "summary": {
                        "covered_lines": 7,
                        "num_statements": 7,
                        "percent_covered": 100.0,
                        "percent_covered_display": "100",
                        "missing_lines": 0,
                        "excluded_lines": 0
                    },
                    "missing_lines": [],
                    "excluded_lines": []
                },
                "send_alert_notification": {
                    "executed_lines": [
                        50,
                        51
                    ],
                    "summary": {
                        "covered_lines": 2,
                        "num_statements": 2,
                        "percent_covered": 100.0,
                        "percent_covered_display": "100",
                        "missing_lines": 0,
                        "excluded_lines": 0
                    },
                    "missing_lines": [],
                    "excluded_lines": []
                },
                "": {
                    "executed_lines": [
                        1,
                        2,
                        3,
                        4,
                        5,
                        6,
                        8,
                        10,
                        11,
                        14,
                        24,
                        35,
                        48
                    ],
                    "summary": {
                        "covered_lines": 13,
                        "num_statements": 13,
                        "percent_covered": 100.0,
                        "percent_covered_display": "100",
                        "missing_lines": 0,
                        "excluded_lines": 0
                    },
                    "missing_lines": [],
                    "excluded_lines": []
                }
            },
            "classes": {
                "": {
                    "executed_lines": [
                        1,
                        2,
                        3,
                        4,
                        5,
                        6,
                        8,
                        10,
                        11,
                        14,
                        16,
                        17,
                        18,
                        20,
                        21,
                        24,
                        27,
                        28,
                        30,
                        32,
                        35,
                        37,
                        39,
                        40,
                        42,
                        43,
                        44,
                        45,
                        48,
                        50,
                        51
                    ],
                    "summary": {
                        "covered_lines": 31,
                        "num_statements": 31,
                        "percent_covered": 100.0,
                        "percent_covered_display": "100",
                        "missing_lines": 0,
                        "excluded_lines": 0
                    },
                    "missing_lines": [],
                    "excluded_lines": []
                }
            }
        },
        "app/transform_data.py": {
            "executed_lines": [
                1,
                3,
                4,
                5,
                6,
                7,
                8,
                9,
                10,
                11,
                12,
                19,
                20,
                22,
                23,
                24,
                25,
                31,
                32,
                35,
                37,
                39,
                42,
                43,
                45,
                48,
                50,
                51,
                59,
                62,
                63,
                65,
                66,
                67,
                69,
                72,
                74,
                75,
                80,
                83,
                84,
                86,
                87,
                88,
                90,
                93,
                99,
                102,
                103,
                106,
                108,
                109,
                110,
                111,
                112,
                113,
                114,
                117,
                118,
                119,
                120,
                122,
                124,
                125,
                126,
                128,
                129,
                130,
                131,
                132,
                134,
                135,
                136,
                138,
                139,
                140,
                141,
                143,
                145,
                146,
                149,
                150,
                153,
                155,
                156,
                157,
                158,
                159,
                160,
                161,
                163,
                164,
                168,
                169,
                170,
                171,
                172,
                173,
                174,
                176,
                181,
                182,
                183,
                184,
                185,
                193,
                195,
                197,
                199,
                200,
                202,
                206,
                207,
                208,
                210,
                216,
                217,
                223,
                225,
                226,
                227,
                228,
                229,
                230,
                231,
                232,
                233,
                242,
                245,
                247,
                248,
                249,
                251,
                252,
                253,
                254,
                256,
                257,
                258,
                259,
                261,
                262,
                264,
                266,
                268,
                269,
                274,
                275,
                277,
                278,
                281,
                282,
                283,
                289,
                291,
                293,
                294,
                295,
                301,
                302,
                303,
                304
            ],
            "summary": {
                "covered_lines": 161,
                "num_statements": 177,
                "percent_covered": 90.96045197740114,
                "percent_covered_display": "91",
                "missing_lines": 16,
                "excluded_lines": 0
            },
            "missing_lines": [
                137,
                151,
                165,
                166,
                203,
                204,
                218,
                219,
                220,
                234,
                235,
                237,
                239,
                240,
                279,
                286
            ],
            "excluded_lines": [],
            "functions": {
                "get_secret": {
                    "executed_lines": [
                        37,
                        39,
                        42,
                        43,
                        45
                    ],
                    "summary": {
                        "covered_lines": 5,
                        "num_statements": 5,
                        "percent_covered": 100.0,
                        "percent_covered_display": "100",
                        "missing_lines": 0,
                        "excluded_lines": 0
                    },
                    "missing_lines": [],
                    "excluded_lines": []
                },
                "upload_consumer_to_db": {
                    "executed_lines": [
                        50,
                        51,
                        59,
                        62,
                        63,
                        65,
                        66,
                        67,
                        69
                    ],
                    "summary": {
                        "covered_lines": 9,
                        "num_statements": 9,
                        "percent_covered": 100.0,
                        "percent_covered_display": "100",
                        "missing_lines": 0,
                        "excluded_lines": 0
                    },
                    "missing_lines": [],
                    "excluded_lines": []
                },
                "upload_lead_to_db": {
                    "executed_lines": [
                        74,
                        75,
                        80,
                        83,
                        84,
                        86,
                        87,
                        88,
                        90
                    ],
                    "summary": {
                        "covered_lines": 9,
                        "num_statements": 9,
                        "percent_covered": 100.0,
                        "percent_covered_display": "100",
                        "missing_lines": 0,
                        "excluded_lines": 0
                    },
                    "missing_lines": [],
                    "excluded_lines": []
                },
                "format_ts": {
                    "executed_lines": [
                        99,
                        102,
                        103
                    ],
                    "summary": {
                        "covered_lines": 3,
                        "num_statements": 3,
                        "percent_covered": 100.0,
                        "percent_covered_display": "100",
                        "missing_lines": 0,
                        "excluded_lines": 0
                    },
                    "missing_lines": [],
                    "excluded_lines": []
                },
                "extract_contact_information": {
                    "executed_lines": [
                        108,
                        109,
                        110,
                        111,
                        112,
                        113,
                        114,
                        117,
                        118,
                        119,
                        120,
                        122,
                        124,
                        125,
                        126,
                        128,
                        129,
                        130,
                        131,
                        132,
                        134,
                        135,
                        136,
                        138,
                        139,
                        140,
                        141,
                        143,
                        145,
                        146,
                        149,
                        150
                    ],
                    "summary": {
                        "covered_lines": 32,
                        "num_statements": 34,
                        "percent_covered": 94.11764705882354,
                        "percent_covered_display": "94",
                        "missing_lines": 2,
                        "excluded_lines": 0
                    },
                    "missing_lines": [
                        137,
                        151
                    ],
                    "excluded_lines": []
                },
                "parse_json_to_entries": {
                    "executed_lines": [
                        155,
                        156,
                        157,
                        158,
                        159,
                        160,
                        161,
                        163,
                        164,
                        168,
                        169,
                        170,
                        171,
                        172,
                        173,
                        174,
                        176,
                        181,
                        182,
                        183,
                        184,
                        185,
                        193,
                        195,
                        197,
                        199,
                        200,
                        202,
                        206,
                        207,
                        208,
                        210,
                        216,
                        217
                    ],
                    "summary": {
                        "covered_lines": 34,
                        "num_statements": 41,
                        "percent_covered": 82.92682926829268,
                        "percent_covered_display": "83",
                        "missing_lines": 7,
                        "excluded_lines": 0
                    },
                    "missing_lines": [
                        165,
                        166,
                        203,
                        204,
                        218,
                        219,
                        220
                    ],
                    "excluded_lines": []
                },
                "post_entry": {
                    "executed_lines": [
                        225,
                        226,
                        227,
                        228,
                        229,
                        230,
                        231,
                        232,
                        233,
                        242
                    ],
                    "summary": {
                        "covered_lines": 10,
                        "num_statements": 15,
                        "percent_covered": 66.66666666666667,
                        "percent_covered_display": "67",
                        "missing_lines": 5,
                        "excluded_lines": 0
                    },
                    "missing_lines": [
                        234,
                        235,
                        237,
                        239,
                        240
                    ],
                    "excluded_lines": []
                },
                "record_handler": {
                    "executed_lines": [
                        247,
                        248,
                        249,
                        251,
                        252,
                        253,
                        254,
                        256,
                        257,
                        258,
                        259,
                        261,
                        262,
                        264,
                        266,
                        268,
                        269,
                        274,
                        275,
                        277,
                        278,
                        281,
                        282,
                        283
                    ],
                    "summary": {
                        "covered_lines": 24,
                        "num_statements": 26,
                        "percent_covered": 92.3076923076923,
                        "percent_covered_display": "92",
                        "missing_lines": 2,
                        "excluded_lines": 0
                    },
                    "missing_lines": [
                        279,
                        286
                    ],
                    "excluded_lines": []
                },
                "lambda_handler": {
                    "executed_lines": [
                        291,
                        293,
                        294,
                        295,
                        301,
                        302,
                        303,
                        304
                    ],
                    "summary": {
                        "covered_lines": 8,
                        "num_statements": 8,
                        "percent_covered": 100.0,
                        "percent_covered_display": "100",
                        "missing_lines": 0,
                        "excluded_lines": 0
                    },
                    "missing_lines": [],
                    "excluded_lines": []
                },
                "": {
                    "executed_lines": [
                        1,
                        3,
                        4,
                        5,
                        6,
                        7,
                        8,
                        9,
                        10,
                        11,
                        12,
                        19,
                        20,
                        22,
                        23,
                        24,
                        25,
                        31,
                        32,
                        35,
                        48,
                        72,
                        93,
                        106,
                        153,
                        223,
                        245,
                        289
                    ],
                    "summary": {
                        "covered_lines": 27,
                        "num_statements": 27,
                        "percent_covered": 100.0,
                        "percent_covered_display": "100",
                        "missing_lines": 0,
                        "excluded_lines": 0
                    },
                    "missing_lines": [],
                    "excluded_lines": []
                }
            },
            "classes": {
                "EventListenerError": {
                    "executed_lines": [],
                    "summary": {
                        "covered_lines": 0,
                        "num_statements": 0,
                        "percent_covered": 100.0,
                        "percent_covered_display": "100",
                        "missing_lines": 0,
                        "excluded_lines": 0
                    },
                    "missing_lines": [],
                    "excluded_lines": []
                },
                "": {
                    "executed_lines": [
                        1,
                        3,
                        4,
                        5,
                        6,
                        7,
                        8,
                        9,
                        10,
                        11,
                        12,
                        19,
                        20,
                        22,
                        23,
                        24,
                        25,
                        31,
                        32,
                        35,
                        37,
                        39,
                        42,
                        43,
                        45,
                        48,
                        50,
                        51,
                        59,
                        62,
                        63,
                        65,
                        66,
                        67,
                        69,
                        72,
                        74,
                        75,
                        80,
                        83,
                        84,
                        86,
                        87,
                        88,
                        90,
                        93,
                        99,
                        102,
                        103,
                        106,
                        108,
                        109,
                        110,
                        111,
                        112,
                        113,
                        114,
                        117,
                        118,
                        119,
                        120,
                        122,
                        124,
                        125,
                        126,
                        128,
                        129,
                        130,
                        131,
                        132,
                        134,
                        135,
                        136,
                        138,
                        139,
                        140,
                        141,
                        143,
                        145,
                        146,
                        149,
                        150,
                        153,
                        155,
                        156,
                        157,
                        158,
                        159,
                        160,
                        161,
                        163,
                        164,
                        168,
                        169,
                        170,
                        171,
                        172,
                        173,
                        174,
                        176,
                        181,
                        182,
                        183,
                        184,
                        185,
                        193,
                        195,
                        197,
                        199,
                        200,
                        202,
                        206,
                        207,
                        208,
                        210,
                        216,
                        217,
                        223,
                        225,
                        226,
                        227,
                        228,
                        229,
                        230,
                        231,
                        232,
                        233,
                        242,
                        245,
                        247,
                        248,
                        249,
                        251,
                        252,
                        253,
                        254,
                        256,
                        257,
                        258,
                        259,
                        261,
                        262,
                        264,
                        266,
                        268,
                        269,
                        274,
                        275,
                        277,
                        278,
                        281,
                        282,
                        283,
                        289,
                        291,
                        293,
                        294,
                        295,
                        301,
                        302,
                        303,
                        304
                    ],
                    "summary": {
                        "covered_lines": 161,
                        "num_statements": 177,
                        "percent_covered": 90.96045197740114,
                        "percent_covered_display": "91",
                        "missing_lines": 16,
                        "excluded_lines": 0
                    },
                    "missing_lines": [
                        137,
                        151,
                        165,
                        166,
                        203,
                        204,
                        218,
                        219,
                        220,
                        234,
                        235,
                        237,
                        239,
                        240,
                        279,
                        286
                    ],
                    "excluded_lines": []
                }
            }
        },
        "tests/conftest.py": {
            "executed_lines": [
                1,
                7,
                8,
                9,
                10,
                11,
                12,
                13,
                14,
                15,
                18,
                19,
                21,
                30,
                32,
                33,
                34,
                35,
                36,
                37,
                38,
                41,
                42,
                46,
                47,
                55,
                56,
                65,
                66,
                68,
                90,
                91,
                93,
                103,
                104,
                106,
                116,
                117,
                126,
                127,
                129,
                135,
                136,
                145,
                146,
                162,
                163,
                165,
                166,
                167,
                170,
                174,
                176,
                177,
                179,
                180,
                181,
                184,
                186,
                187,
                200,
                201,
                221,
                222
            ],
            "summary": {
                "covered_lines": 63,
                "num_statements": 83,
                "percent_covered": 75.90361445783132,
                "percent_covered_display": "76",
                "missing_lines": 20,
                "excluded_lines": 0
            },
            "missing_lines": [
                49,
                50,
                51,
                52,
                53,
                58,
                59,
                60,
                61,
                62,
                119,
                138,
                148,
                189,
                190,
                193,
                194,
                197,
                203,
                224
            ],
            "excluded_lines": [],
            "functions": {
                "pytest_configure": {
                    "executed_lines": [
                        32,
                        33,
                        34,
                        35,
                        36,
                        37,
                        38
                    ],
                    "summary": {
                        "covered_lines": 7,
                        "num_statements": 7,
                        "percent_covered": 100.0,
                        "percent_covered_display": "100",
                        "missing_lines": 0,
                        "excluded_lines": 0
                    },
                    "missing_lines": [],
                    "excluded_lines": []
                },
                "mock_env_vars": {
                    "executed_lines": [],
                    "summary": {
                        "covered_lines": 0,
                        "num_statements": 0,
                        "percent_covered": 100.0,
                        "percent_covered_display": "100",
                        "missing_lines": 0,
                        "excluded_lines": 0
                    },
                    "missing_lines": [],
                    "excluded_lines": []
                },
                "mock_crm_api": {
                    "executed_lines": [],
                    "summary": {
                        "covered_lines": 0,
                        "num_statements": 5,
                        "percent_covered": 0.0,
                        "percent_covered_display": "0",
                        "missing_lines": 5,
                        "excluded_lines": 0
                    },
                    "missing_lines": [
                        49,
                        50,
                        51,
                        52,
                        53
                    ],
                    "excluded_lines": []
                },
                "mock_dealerpeak_api": {
                    "executed_lines": [],
                    "summary": {
                        "covered_lines": 0,
                        "num_statements": 5,
                        "percent_covered": 0.0,
                        "percent_covered_display": "0",
                        "missing_lines": 5,
                        "excluded_lines": 0
                    },
                    "missing_lines": [
                        58,
                        59,
                        60,
                        61,
                        62
                    ],
                    "excluded_lines": []
                },
                "mock_lead_data": {
                    "executed_lines": [
                        68
                    ],
                    "summary": {
                        "covered_lines": 1,
                        "num_statements": 1,
                        "percent_covered": 100.0,
                        "percent_covered_display": "100",
                        "missing_lines": 0,
                        "excluded_lines": 0
                    },
                    "missing_lines": [],
                    "excluded_lines": []
                },
                "mock_salesperson_data": {
                    "executed_lines": [
                        93
                    ],
                    "summary": {
                        "covered_lines": 1,
                        "num_statements": 1,
                        "percent_covered": 100.0,
                        "percent_covered_display": "100",
                        "missing_lines": 0,
                        "excluded_lines": 0
                    },
                    "missing_lines": [],
                    "excluded_lines": []
                },
                "mock_salesperson_data_list": {
                    "executed_lines": [
                        106
                    ],
                    "summary": {
                        "covered_lines": 1,
                        "num_statements": 1,
                        "percent_covered": 100.0,
                        "percent_covered_display": "100",
                        "missing_lines": 0,
                        "excluded_lines": 0
                    },
                    "missing_lines": [],
                    "excluded_lines": []
                },
                "mock_activity_data": {
                    "executed_lines": [],
                    "summary": {
                        "covered_lines": 0,
                        "num_statements": 1,
                        "percent_covered": 0.0,
                        "percent_covered_display": "0",
                        "missing_lines": 1,
                        "excluded_lines": 0
                    },
                    "missing_lines": [
                        138
                    ],
                    "excluded_lines": []
                },
                "mock_secret_data": {
                    "executed_lines": [
                        129
                    ],
                    "summary": {
                        "covered_lines": 1,
                        "num_statements": 1,
                        "percent_covered": 100.0,
                        "percent_covered_display": "100",
                        "missing_lines": 0,
                        "excluded_lines": 0
                    },
                    "missing_lines": [],
                    "excluded_lines": []
                },
                "mock_event": {
                    "executed_lines": [],
                    "summary": {
                        "covered_lines": 0,
                        "num_statements": 1,
                        "percent_covered": 0.0,
                        "percent_covered_display": "0",
                        "missing_lines": 1,
                        "excluded_lines": 0
                    },
                    "missing_lines": [
                        148
                    ],
                    "excluded_lines": []
                },
                "setup_secret": {
                    "executed_lines": [
                        165,
                        166,
                        167,
                        170,
                        174
                    ],
                    "summary": {
                        "covered_lines": 5,
                        "num_statements": 5,
                        "percent_covered": 100.0,
                        "percent_covered_display": "100",
                        "missing_lines": 0,
                        "excluded_lines": 0
                    },
                    "missing_lines": [],
                    "excluded_lines": []
                },
                "setup_s3": {
                    "executed_lines": [
                        179,
                        180,
                        181,
                        184
                    ],
                    "summary": {
                        "covered_lines": 4,
                        "num_statements": 4,
                        "percent_covered": 100.0,
                        "percent_covered_display": "100",
                        "missing_lines": 0,
                        "excluded_lines": 0
                    },
                    "missing_lines": [],
                    "excluded_lines": []
                },
                "setup_sqs": {
                    "executed_lines": [],
                    "summary": {
                        "covered_lines": 0,
                        "num_statements": 5,
                        "percent_covered": 0.0,
                        "percent_covered_display": "0",
                        "missing_lines": 5,
                        "excluded_lines": 0
                    },
                    "missing_lines": [
                        189,
                        190,
                        193,
                        194,
                        197
                    ],
                    "excluded_lines": []
                },
                "mock_sqs_record_data": {
                    "executed_lines": [],
                    "summary": {
                        "covered_lines": 0,
                        "num_statements": 1,
                        "percent_covered": 0.0,
                        "percent_covered_display": "0",
                        "missing_lines": 1,
                        "excluded_lines": 0
                    },
                    "missing_lines": [
                        203
                    ],
                    "excluded_lines": []
                },
                "sqs_record": {
                    "executed_lines": [],
                    "summary": {
                        "covered_lines": 0,
                        "num_statements": 1,
                        "percent_covered": 0.0,
                        "percent_covered_display": "0",
                        "missing_lines": 1,
                        "excluded_lines": 0
                    },
                    "missing_lines": [
                        224
                    ],
                    "excluded_lines": []
                },
                "": {
                    "executed_lines": [
                        1,
                        7,
                        8,
                        9,
                        10,
                        11,
                        12,
                        13,
                        14,
                        15,
                        18,
                        19,
                        21,
                        30,
                        41,
                        42,
                        46,
                        47,
                        55,
                        56,
                        65,
                        66,
                        90,
                        91,
                        103,
                        104,
                        116,
                        117,
                        126,
                        127,
                        135,
                        136,
                        145,
                        146,
                        162,
                        163,
                        176,
                        177,
                        186,
                        187,
                        200,
                        201,
                        221,
                        222
                    ],
                    "summary": {
                        "covered_lines": 43,
                        "num_statements": 43,
                        "percent_covered": 100.0,
                        "percent_covered_display": "100",
                        "missing_lines": 0,
                        "excluded_lines": 0
                    },
                    "missing_lines": [],
                    "excluded_lines": []
                }
            },
            "classes": {
                "": {
                    "executed_lines": [
                        1,
                        7,
                        8,
                        9,
                        10,
                        11,
                        12,
                        13,
                        14,
                        15,
                        18,
                        19,
                        21,
                        30,
                        32,
                        33,
                        34,
                        35,
                        36,
                        37,
                        38,
                        41,
                        42,
                        46,
                        47,
                        55,
                        56,
                        65,
                        66,
                        68,
                        90,
                        91,
                        93,
                        103,
                        104,
                        106,
                        116,
                        117,
                        126,
                        127,
                        129,
                        135,
                        136,
                        145,
                        146,
                        162,
                        163,
                        165,
                        166,
                        167,
                        170,
                        174,
                        176,
                        177,
                        179,
                        180,
                        181,
                        184,
                        186,
                        187,
                        200,
                        201,
                        221,
                        222
                    ],
                    "summary": {
                        "covered_lines": 63,
                        "num_statements": 83,
                        "percent_covered": 75.90361445783132,
                        "percent_covered_display": "76",
                        "missing_lines": 20,
                        "excluded_lines": 0
                    },
                    "missing_lines": [
                        49,
                        50,
                        51,
                        52,
                        53,
                        58,
                        59,
                        60,
                        61,
                        62,
                        119,
                        138,
                        148,
                        189,
                        190,
                        193,
                        194,
                        197,
                        203,
                        224
                    ],
                    "excluded_lines": []
                }
            }
        },
        "tests/test_invoke_data_pull.py": {
            "executed_lines": [
                1,
                11,
                12,
                13,
                14,
                15,
                16,
                17,
                18,
                20,
                29,
                31,
                32,
                34,
                49,
                50,
                52,
                71,
                72,
                74,
                85,
                86,
                88,
                100,
                101,
                103,
                116,
                117,
                119,
                142,
                143,
                145,
                147,
                148,
                149,
                151,
                152,
                154,
                155,
                158,
                160,
                163,
                164,
                167,
                173,
                174,
                175,
                177,
                179,
                182,
                183,
                189,
                194,
                201,
                203,
                204,
                206,
                207,
                209,
                212,
                213,
                219,
                221,
                222,
                223,
                225,
                228,
                229,
                231,
                232,
                235,
                237,
                239,
                241,
                242,
                245,
                246,
                249,
                252,
                253,
                258,
                259,
                262,
                266,
                267,
                270,
                271,
                273,
                274,
                275,
                277,
                279,
                281,
                286,
                289,
                290,
                292,
                294,
                295,
                297,
                299,
                301,
                304,
                305,
                307,
                309,
                310,
                312,
                314,
                315,
                317,
                320,
                321,
                323,
                324,
                326,
                328,
                331,
                332,
                334,
                335,
                337,
                338,
                340,
                341,
                343,
                344,
                346,
                347,
                352,
                354,
                359
            ],
            "summary": {
                "covered_lines": 131,
                "num_statements": 131,
                "percent_covered": 100.0,
                "percent_covered_display": "100",
                "missing_lines": 0,
                "excluded_lines": 0
            },
            "missing_lines": [],
            "excluded_lines": [],
            "functions": {
                "mock_initial_leads": {
                    "executed_lines": [
                        34
                    ],
                    "summary": {
                        "covered_lines": 1,
                        "num_statements": 1,
                        "percent_covered": 100.0,
                        "percent_covered_display": "100",
                        "missing_lines": 0,
                        "excluded_lines": 0
                    },
                    "missing_lines": [],
                    "excluded_lines": []
                },
                "mock_invalid_leads": {
                    "executed_lines": [
                        52
                    ],
                    "summary": {
                        "covered_lines": 1,
                        "num_statements": 1,
                        "percent_covered": 100.0,
                        "percent_covered_display": "100",
                        "missing_lines": 0,
                        "excluded_lines": 0
                    },
                    "missing_lines": [],
                    "excluded_lines": []
                },
                "mock_lead_record": {
                    "executed_lines": [
                        74
                    ],
                    "summary": {
                        "covered_lines": 1,
                        "num_statements": 1,
                        "percent_covered": 100.0,
                        "percent_covered_display": "100",
                        "missing_lines": 0,
                        "excluded_lines": 0
                    },
                    "missing_lines": [],
                    "excluded_lines": []
                },
                "mock_lead_record_2": {
                    "executed_lines": [
                        88
                    ],
                    "summary": {
                        "covered_lines": 1,
                        "num_statements": 1,
                        "percent_covered": 100.0,
                        "percent_covered_display": "100",
                        "missing_lines": 0,
                        "excluded_lines": 0
                    },
                    "missing_lines": [],
                    "excluded_lines": []
                },
                "mock_event": {
                    "executed_lines": [
                        103
                    ],
                    "summary": {
                        "covered_lines": 1,
                        "num_statements": 1,
                        "percent_covered": 100.0,
                        "percent_covered_display": "100",
                        "missing_lines": 0,
                        "excluded_lines": 0
                    },
                    "missing_lines": [],
                    "excluded_lines": []
                },
                "mock_partial_failure_event": {
                    "executed_lines": [
                        119
                    ],
                    "summary": {
                        "covered_lines": 1,
                        "num_statements": 1,
                        "percent_covered": 100.0,
                        "percent_covered_display": "100",
                        "missing_lines": 0,
                        "excluded_lines": 0
                    },
                    "missing_lines": [],
                    "excluded_lines": []
                },
                "test_get_secrets": {
                    "executed_lines": [
                        145,
                        147,
                        148,
                        149
                    ],
                    "summary": {
                        "covered_lines": 4,
                        "num_statements": 4,
                        "percent_covered": 100.0,
                        "percent_covered_display": "100",
                        "missing_lines": 0,
                        "excluded_lines": 0
                    },
                    "missing_lines": [],
                    "excluded_lines": []
                },
                "test_get_secrets_not_found": {
                    "executed_lines": [
                        154,
                        155
                    ],
                    "summary": {
                        "covered_lines": 2,
                        "num_statements": 2,
                        "percent_covered": 100.0,
                        "percent_covered_display": "100",
                        "missing_lines": 0,
                        "excluded_lines": 0
                    },
                    "missing_lines": [],
                    "excluded_lines": []
                },
                "test_fetch_new_leads": {
                    "executed_lines": [
                        160,
                        163,
                        164,
                        167,
                        173,
                        174,
                        175,
                        177,
                        179,
                        182,
                        183,
                        189,
                        194
                    ],
                    "summary": {
                        "covered_lines": 13,
                        "num_statements": 13,
                        "percent_covered": 100.0,
                        "percent_covered_display": "100",
                        "missing_lines": 0,
                        "excluded_lines": 0
                    },
                    "missing_lines": [],
                    "excluded_lines": []
                },
                "test_fetch_new_leads_initial_api_error": {
                    "executed_lines": [
                        203,
                        204,
                        206,
                        207
                    ],
                    "summary": {
                        "covered_lines": 4,
                        "num_statements": 4,
                        "percent_covered": 100.0,
                        "percent_covered_display": "100",
                        "missing_lines": 0,
                        "excluded_lines": 0
                    },
                    "missing_lines": [],
                    "excluded_lines": []
                },
                "test_fetch_new_leads_secondary_api_error": {
                    "executed_lines": [
                        212,
                        213,
                        219,
                        221,
                        222,
                        223
                    ],
                    "summary": {
                        "covered_lines": 6,
                        "num_statements": 6,
                        "percent_covered": 100.0,
                        "percent_covered_display": "100",
                        "missing_lines": 0,
                        "excluded_lines": 0
                    },
                    "missing_lines": [],
                    "excluded_lines": []
                },
                "test_filter_leads": {
                    "executed_lines": [
                        228,
                        229,
                        231,
                        232
                    ],
                    "summary": {
                        "covered_lines": 4,
                        "num_statements": 4,
                        "percent_covered": 100.0,
                        "percent_covered_display": "100",
                        "missing_lines": 0,
                        "excluded_lines": 0
                    },
                    "missing_lines": [],
                    "excluded_lines": []
                },
                "test_filter_leads_invalid_date": {
                    "executed_lines": [
                        237,
                        239,
                        241,
                        242
                    ],
                    "summary": {
                        "covered_lines": 4,
                        "num_statements": 4,
                        "percent_covered": 100.0,
                        "percent_covered_display": "100",
                        "missing_lines": 0,
                        "excluded_lines": 0
                    },
                    "missing_lines": [],
                    "excluded_lines": []
                },
                "test_save_raw_leads": {
                    "executed_lines": [
                        249,
                        252,
                        253,
                        258,
                        259,
                        262,
                        266,
                        267
                    ],
                    "summary": {
                        "covered_lines": 8,
                        "num_statements": 8,
                        "percent_covered": 100.0,
                        "percent_covered_display": "100",
                        "missing_lines": 0,
                        "excluded_lines": 0
                    },
                    "missing_lines": [],
                    "excluded_lines": []
                },
                "test_record_handler_success": {
                    "executed_lines": [
                        273,
                        274,
                        275,
                        277,
                        279,
                        281,
                        286
                    ],
                    "summary": {
                        "covered_lines": 7,
                        "num_statements": 7,
                        "percent_covered": 100.0,
                        "percent_covered_display": "100",
                        "missing_lines": 0,
                        "excluded_lines": 0
                    },
                    "missing_lines": [],
                    "excluded_lines": []
                },
                "test_record_handler_no_leads": {
                    "executed_lines": [
                        292,
                        294,
                        295,
                        297,
                        299,
                        301
[...]
                479,
                480,
                481,
                483
            ],
            "summary": {
                "covered_lines": 132,
                "num_statements": 132,
                "percent_covered": 100.0,
                "percent_covered_display": "100",
                "missing_lines": 0,
                "excluded_lines": 0
            },
            "missing_lines": [],
            "excluded_lines": [],
            "functions": {
                "mock_s3_event": {
                    "executed_lines": [
                        46
                    ],
                    "summary": {
                        "covered_lines": 1,
                        "num_statements": 1,
                        "percent_covered": 100.0,
                        "percent_covered_display": "100",
                        "missing_lines": 0,
                        "excluded_lines": 0
                    },
                    "missing_lines": [],
                    "excluded_lines": []
                },
                "mock_s3_data": {
                    "executed_lines": [
                        70
                    ],
                    "summary": {
                        "covered_lines": 1,
                        "num_statements": 1,
                        "percent_covered": 100.0,
                        "percent_covered_display": "100",
                        "missing_lines": 0,
                        "excluded_lines": 0
                    },
                    "missing_lines": [],
                    "excluded_lines": []
                },
                "mock_api_response": {
                    "executed_lines": [
                        129
                    ],
                    "summary": {
                        "covered_lines": 1,
                        "num_statements": 1,
                        "percent_covered": 100.0,
                        "percent_covered_display": "100",
                        "missing_lines": 0,
                        "excluded_lines": 0
                    },
                    "missing_lines": [],
                    "excluded_lines": []
                },
                "setup_api_secret": {
                    "executed_lines": [
                        138,
                        139,
                        141,
                        146,
                        150,
                        154
                    ],
                    "summary": {
                        "covered_lines": 6,
                        "num_statements": 6,
                        "percent_covered": 100.0,
                        "percent_covered_display": "100",
                        "missing_lines": 0,
                        "excluded_lines": 0
                    },
                    "missing_lines": [],
                    "excluded_lines": []
                },
                "setup_s3": {
                    "executed_lines": [
                        160,
                        161,
                        163,
                        167,
                        172
                    ],
                    "summary": {
                        "covered_lines": 5,
                        "num_statements": 5,
                        "percent_covered": 100.0,
                        "percent_covered_display": "100",
                        "missing_lines": 0,
                        "excluded_lines": 0
                    },
                    "missing_lines": [],
                    "excluded_lines": []
                },
                "test_get_secret": {
                    "executed_lines": [
                        179,
                        180
                    ],
                    "summary": {
                        "covered_lines": 2,
                        "num_statements": 2,
                        "percent_covered": 100.0,
                        "percent_covered_display": "100",
                        "missing_lines": 0,
                        "excluded_lines": 0
                    },
                    "missing_lines": [],
                    "excluded_lines": []
                },
                "test_format_ts": {
                    "executed_lines": [
                        188,
                        189,
                        190
                    ],
                    "summary": {
                        "covered_lines": 3,
                        "num_statements": 3,
                        "percent_covered": 100.0,
                        "percent_covered_display": "100",
                        "missing_lines": 0,
                        "excluded_lines": 0
                    },
                    "missing_lines": [],
                    "excluded_lines": []
                },
                "test_extract_contact_information": {
                    "executed_lines": [
                        203,
                        212,
                        213,
                        215,
                        216,
                        217,
                        218,
                        219
                    ],
                    "summary": {
                        "covered_lines": 8,
                        "num_statements": 8,
                        "percent_covered": 100.0,
                        "percent_covered_display": "100",
                        "missing_lines": 0,
                        "excluded_lines": 0
                    },
                    "missing_lines": [],
                    "excluded_lines": []
                },
                "test_parse_json_to_entries": {
                    "executed_lines": [
                        232,
                        234,
                        235,
                        238,
                        239,
                        240,
                        243,
                        244,
                        245,
                        248,
                        249,
                        250,
                        251
                    ],
                    "summary": {
                        "covered_lines": 13,
                        "num_statements": 13,
                        "percent_covered": 100.0,
                        "percent_covered_display": "100",
                        "missing_lines": 0,
                        "excluded_lines": 0
                    },
                    "missing_lines": [],
                    "excluded_lines": []
                },
                "test_upload_consumer_to_db": {
                    "executed_lines": [
                        263,
                        264,
                        269,
                        275,
                        276,
                        277
                    ],
                    "summary": {
                        "covered_lines": 6,
                        "num_statements": 6,
                        "percent_covered": 100.0,
                        "percent_covered_display": "100",
                        "missing_lines": 0,
                        "excluded_lines": 0
                    },
                    "missing_lines": [],
                    "excluded_lines": []
                },
                "test_upload_lead_to_db": {
                    "executed_lines": [
                        289,
                        290,
                        295,
                        301,
                        302,
                        303
                    ],
                    "summary": {
                        "covered_lines": 6,
                        "num_statements": 6,
                        "percent_covered": 100.0,
                        "percent_covered_display": "100",
                        "missing_lines": 0,
                        "excluded_lines": 0
                    },
                    "missing_lines": [],
                    "excluded_lines": []
                },
                "test_parse_json_to_entries_empty_vehicles": {
                    "executed_lines": [
                        315,
                        316,
                        318,
                        319
                    ],
                    "summary": {
                        "covered_lines": 4,
                        "num_statements": 4,
                        "percent_covered": 100.0,
                        "percent_covered_display": "100",
                        "missing_lines": 0,
                        "excluded_lines": 0
                    },
                    "missing_lines": [],
                    "excluded_lines": []
                },
                "test_parse_json_to_entries_missing_contact": {
                    "executed_lines": [
                        330,
                        331,
                        333,
                        334
                    ],
                    "summary": {
                        "covered_lines": 4,
                        "num_statements": 4,
                        "percent_covered": 100.0,
                        "percent_covered_display": "100",
                        "missing_lines": 0,
                        "excluded_lines": 0
                    },
                    "missing_lines": [],
                    "excluded_lines": []
                },
                "test_upload_consumer_to_db_error": {
                    "executed_lines": [
                        347,
                        348,
                        352,
                        354,
                        356,
                        357,
                        358
                    ],
                    "summary": {
                        "covered_lines": 7,
                        "num_statements": 7,
                        "percent_covered": 100.0,
                        "percent_covered_display": "100",
                        "missing_lines": 0,
                        "excluded_lines": 0
                    },
                    "missing_lines": [],
                    "excluded_lines": []
                },
                "test_upload_consumer_to_db_creation_error": {
                    "executed_lines": [
                        369,
                        370,
                        375,
                        377,
                        378,
                        379
                    ],
                    "summary": {
                        "covered_lines": 6,
                        "num_statements": 6,
                        "percent_covered": 100.0,
                        "percent_covered_display": "100",
                        "missing_lines": 0,
                        "excluded_lines": 0
                    },
                    "missing_lines": [],
                    "excluded_lines": []
                },
                "test_upload_lead_to_db_error": {
                    "executed_lines": [
                        391,
                        392,
                        396,
                        398,
                        400,
                        401,
                        402
                    ],
                    "summary": {
                        "covered_lines": 7,
                        "num_statements": 7,
                        "percent_covered": 100.0,
                        "percent_covered_display": "100",
                        "missing_lines": 0,
                        "excluded_lines": 0
                    },
                    "missing_lines": [],
                    "excluded_lines": []
                },
                "test_upload_lead_to_db_creation_error": {
                    "executed_lines": [
                        413,
                        414,
                        419,
                        421,
                        422,
                        423
                    ],
                    "summary": {
                        "covered_lines": 6,
                        "num_statements": 6,
                        "percent_covered": 100.0,
                        "percent_covered_display": "100",
                        "missing_lines": 0,
                        "excluded_lines": 0
                    },
                    "missing_lines": [],
                    "excluded_lines": []
                },
                "test_lambda_handler_success": {
                    "executed_lines": [
                        447,
                        448,
                        453,
                        454,
                        457,
                        460,
                        463
                    ],
                    "summary": {
                        "covered_lines": 7,
                        "num_statements": 7,
                        "percent_covered": 100.0,
                        "percent_covered_display": "100",
                        "missing_lines": 0,
                        "excluded_lines": 0
                    },
                    "missing_lines": [],
                    "excluded_lines": []
                },
                "test_lambda_handler_s3_error": {
                    "executed_lines": [
                        479,
                        480,
                        481,
                        483
                    ],
                    "summary": {
                        "covered_lines": 4,
                        "num_statements": 4,
                        "percent_covered": 100.0,
                        "percent_covered_display": "100",
                        "missing_lines": 0,
                        "excluded_lines": 0
                    },
                    "missing_lines": [],
                    "excluded_lines": []
                },
                "": {
                    "executed_lines": [
                        1,
                        18,
                        19,
                        20,
                        21,
                        22,
                        23,
                        24,
                        25,
                        37,
                        38,
                        60,
                        61,
                        121,
                        122,
                        135,
                        136,
                        157,
                        158,
                        176,
                        177,
                        182,
                        193,
                        222,
                        254,
                        280,
                        307,
                        322,
                        338,
                        360,
                        382,
                        404,
                        426,
                        427,
                        467,
                        468
                    ],
                    "summary": {
                        "covered_lines": 35,
                        "num_statements": 35,
                        "percent_covered": 100.0,
                        "percent_covered_display": "100",
                        "missing_lines": 0,
                        "excluded_lines": 0
                    },
                    "missing_lines": [],
                    "excluded_lines": []
                }
            },
            "classes": {
                "": {
                    "executed_lines": [
                        1,
                        18,
                        19,
                        20,
                        21,
                        22,
                        23,
                        24,
                        25,
                        37,
                        38,
                        46,
                        60,
                        61,
                        70,
                        121,
                        122,
                        129,
                        135,
                        136,
                        138,
                        139,
                        141,
                        146,
                        150,
                        154,
                        157,
                        158,
                        160,
                        161,
                        163,
                        167,
                        172,
                        176,
                        177,
                        179,
                        180,
                        182,
                        188,
                        189,
                        190,
                        193,
                        203,
                        212,
                        213,
                        215,
                        216,
                        217,
                        218,
                        219,
                        222,
                        232,
                        234,
                        235,
                        238,
                        239,
                        240,
                        243,
                        244,
                        245,
                        248,
                        249,
                        250,
                        251,
                        254,
                        263,
                        264,
                        269,
                        275,
                        276,
                        277,
                        280,
                        289,
                        290,
                        295,
                        301,
                        302,
                        303,
                        307,
                        315,
                        316,
                        318,
                        319,
                        322,
                        330,
                        331,
                        333,
                        334,
                        338,
                        347,
                        348,
                        352,
                        354,
                        356,
                        357,
                        358,
                        360,
                        369,
                        370,
                        375,
                        377,
                        378,
                        379,
                        382,
                        391,
                        392,
                        396,
                        398,
                        400,
                        401,
                        402,
                        404,
                        413,
                        414,
                        419,
                        421,
                        422,
                        423,
                        426,
                        427,
                        447,
                        448,
                        453,
                        454,
                        457,
                        460,
                        463,
                        467,
                        468,
                        479,
                        480,
                        481,
                        483
                    ],
                    "summary": {
                        "covered_lines": 132,
                        "num_statements": 132,
                        "percent_covered": 100.0,
                        "percent_covered_display": "100",
                        "missing_lines": 0,
                        "excluded_lines": 0
                    },
                    "missing_lines": [],
                    "excluded_lines": []
                }
            }
        }
    },
    "totals": {
        "covered_lines": 865,
        "num_statements": 901,
        "percent_covered": 96.00443951165371,
        "percent_covered_display": "96",
        "missing_lines": 36,
        "excluded_lines": 0
    }
}