{
    "meta": {
        "format": 3,
        "version": "7.9.1",
        "timestamp": "2025-06-26T16:44:08.437456",
        "branch_coverage": false,
        "show_contexts": false
    },
    "files": {
        "app/transform_new_lead.py": {
            "executed_lines": [
                1,
                2,
                3,
                4,
                5,
                6,
                7,
                8,
                9,
                10,
                11,
                17,
                18,
                20,
                21,
                22,
                24,
                25,
                28,
                30,
                33,
                34,
                36,
                39,
                41,
                42,
                47,
                48,
                49,
                50,
                51,
                53,
                55,
                56,
                57,
                60,
                62,
                64,
                65,
                71,
                72,
                73,
                74,
                75,
                76,
                79,
                81,
                83,
                89,
                90,
                95,
                96,
                97,
                103,
                105,
                106,
                108,
                109,
                110,
                111,
                112,
                114,
                117,
                119,
                122,
                124,
                125,
                126,
                127,
                129,
                132,
                134,
                135,
                136,
                137,
                139,
                142,
                144,
                154,
                156,
                157,
                158,
                160,
                176,
                178,
                181,
                182,
                184,
                195,
                196,
                197,
                198,
                199,
                200,
                217,
                218,
                219,
                220,
                227,
                228,
                232,
                233,
                234,
                235,
                240,
                241,
                243,
                251,
                260,
                262,
                263,
                264,
                265,
                266,
                267,
                269,
                270,
                271,
                272,
                274,
                275,
                277,
                278,
                280,
                281,
                285,
                286,
                287,
                288,
                289,
                291,
                292,
                294,
                304,
                306,
                308,
                309,
                310,
                316
            ],
            "summary": {
                "covered_lines": 138,
                "num_statements": 160,
                "percent_covered": 86.25,
                "percent_covered_display": "86",
                "missing_lines": 22,
                "excluded_lines": 0
            },
            "missing_lines": [
                98,
                99,
                100,
                120,
                230,
                236,
                237,
                238,
                253,
                254,
                255,
                256,
                257,
                282,
                283,
                296,
                297,
                298,
                301,
                318,
                319,
                320
            ],
            "excluded_lines": [],
            "functions": {
                "get_secret": {
                    "executed_lines": [
                        30,
                        33,
                        34,
                        36
                    ],
                    "summary": {
                        "covered_lines": 4,
                        "num_statements": 4,
                        "percent_covered": 100.0,
                        "percent_covered_display": "100",
                        "missing_lines": 0,
                        "excluded_lines": 0
                    },
                    "missing_lines": [],
                    "excluded_lines": []
                },
                "get_existing_lead": {
                    "executed_lines": [
                        41,
                        42,
                        47,
                        48,
                        49,
                        50,
                        51,
                        53,
                        55,
                        56,
                        57
                    ],
                    "summary": {
                        "covered_lines": 11,
                        "num_statements": 11,
                        "percent_covered": 100.0,
                        "percent_covered_display": "100",
                        "missing_lines": 0,
                        "excluded_lines": 0
                    },
                    "missing_lines": [],
                    "excluded_lines": []
                },
                "create_consumer": {
                    "executed_lines": [
                        62,
                        64,
                        65,
                        71,
                        72,
                        73,
                        74,
                        75,
                        76
                    ],
                    "summary": {
                        "covered_lines": 9,
                        "num_statements": 9,
                        "percent_covered": 100.0,
                        "percent_covered_display": "100",
                        "missing_lines": 0,
                        "excluded_lines": 0
                    },
                    "missing_lines": [],
                    "excluded_lines": []
                },
                "create_lead": {
                    "executed_lines": [
                        81,
                        83,
                        89,
                        90,
                        95,
                        96,
                        97
                    ],
                    "summary": {
                        "covered_lines": 7,
                        "num_statements": 10,
                        "percent_covered": 70.0,
                        "percent_covered_display": "70",
                        "missing_lines": 3,
                        "excluded_lines": 0
                    },
                    "missing_lines": [
                        98,
                        99,
                        100
                    ],
                    "excluded_lines": []
                },
                "parse_phone_number": {
                    "executed_lines": [
                        105,
                        106,
                        108,
                        109,
                        110,
                        111,
                        112,
                        114
                    ],
                    "summary": {
                        "covered_lines": 8,
                        "num_statements": 8,
                        "percent_covered": 100.0,
                        "percent_covered_display": "100",
                        "missing_lines": 0,
                        "excluded_lines": 0
                    },
                    "missing_lines": [],
                    "excluded_lines": []
                },
                "parse_email": {
                    "executed_lines": [
                        119,
                        122,
                        124,
                        125,
                        126,
                        127,
                        129
                    ],
                    "summary": {
                        "covered_lines": 7,
                        "num_statements": 8,
                        "percent_covered": 87.5,
                        "percent_covered_display": "88",
                        "missing_lines": 1,
                        "excluded_lines": 0
                    },
                    "missing_lines": [
                        120
                    ],
                    "excluded_lines": []
                },
                "parse_address": {
                    "executed_lines": [
                        134,
                        135,
                        136,
                        137,
                        139
                    ],
                    "summary": {
                        "covered_lines": 5,
                        "num_statements": 5,
                        "percent_covered": 100.0,
                        "percent_covered_display": "100",
                        "missing_lines": 0,
                        "excluded_lines": 0
                    },
                    "missing_lines": [],
                    "excluded_lines": []
                },
                "extract_salesperson": {
                    "executed_lines": [
                        144
                    ],
                    "summary": {
                        "covered_lines": 1,
                        "num_statements": 1,
                        "percent_covered": 100.0,
                        "percent_covered_display": "100",
                        "missing_lines": 0,
                        "excluded_lines": 0
                    },
                    "missing_lines": [],
                    "excluded_lines": []
                },
                "parse_lead": {
                    "executed_lines": [
                        156,
                        157,
                        158,
                        160,
                        176,
                        178,
                        181,
                        182,
                        184,
                        195,
                        196,
                        197,
                        198,
                        199,
                        200,
                        217,
                        218,
                        219,
                        220,
                        227,
                        228,
                        232,
                        233,
                        234,
                        235,
                        240,
                        241,
                        243,
                        251
                    ],
                    "summary": {
                        "covered_lines": 29,
                        "num_statements": 38,
                        "percent_covered": 76.3157894736842,
                        "percent_covered_display": "76",
                        "missing_lines": 9,
                        "excluded_lines": 0
                    },
                    "missing_lines": [
                        230,
                        236,
                        237,
                        238,
                        253,
                        254,
                        255,
                        256,
                        257
                    ],
                    "excluded_lines": []
                },
                "record_handler": {
                    "executed_lines": [
                        262,
                        263,
                        264,
                        265,
                        266,
                        267,
                        269,
                        270,
                        271,
                        272,
                        274,
                        275,
                        277,
                        278,
                        280,
                        281,
                        285,
                        286,
                        287,
                        288,
                        289,
                        291,
                        292,
                        294
                    ],
                    "summary": {
                        "covered_lines": 24,
                        "num_statements": 30,
                        "percent_covered": 80.0,
                        "percent_covered_display": "80",
                        "missing_lines": 6,
                        "excluded_lines": 0
                    },
                    "missing_lines": [
                        282,
                        283,
                        296,
                        297,
                        298,
                        301
                    ],
                    "excluded_lines": []
                },
                "lambda_handler": {
                    "executed_lines": [
                        306,
                        308,
                        309,
                        310,
                        316
                    ],
                    "summary": {
                        "covered_lines": 5,
                        "num_statements": 8,
                        "percent_covered": 62.5,
                        "percent_covered_display": "62",
                        "missing_lines": 3,
                        "excluded_lines": 0
                    },
                    "missing_lines": [
                        318,
                        319,
                        320
                    ],
                    "excluded_lines": []
                },
                "": {
                    "executed_lines": [
                        1,
                        2,
                        3,
                        4,
                        5,
                        6,
                        7,
                        8,
                        9,
                        10,
                        11,
                        17,
                        18,
                        20,
                        21,
                        22,
                        24,
                        25,
                        28,
                        39,
                        60,
                        79,
                        103,
                        117,
                        132,
                        142,
                        154,
                        260,
                        304
                    ],
                    "summary": {
                        "covered_lines": 28,
                        "num_statements": 28,
                        "percent_covered": 100.0,
                        "percent_covered_display": "100",
                        "missing_lines": 0,
                        "excluded_lines": 0
                    },
                    "missing_lines": [],
                    "excluded_lines": []
                }
            },
            "classes": {
                "": {
                    "executed_lines": [
                        1,
                        2,
                        3,
                        4,
                        5,
                        6,
                        7,
                        8,
                        9,
                        10,
                        11,
                        17,
                        18,
                        20,
                        21,
                        22,
                        24,
                        25,
                        28,
                        30,
                        33,
                        34,
                        36,
                        39,
                        41,
                        42,
                        47,
                        48,
                        49,
                        50,
                        51,
                        53,
                        55,
                        56,
                        57,
                        60,
                        62,
                        64,
                        65,
                        71,
                        72,
                        73,
                        74,
                        75,
                        76,
                        79,
                        81,
                        83,
                        89,
                        90,
                        95,
                        96,
                        97,
                        103,
                        105,
                        106,
                        108,
                        109,
                        110,
                        111,
                        112,
                        114,
                        117,
                        119,
                        122,
                        124,
                        125,
                        126,
                        127,
                        129,
                        132,
                        134,
                        135,
                        136,
                        137,
                        139,
                        142,
                        144,
                        154,
                        156,
                        157,
                        158,
                        160,
                        176,
                        178,
                        181,
                        182,
                        184,
                        195,
                        196,
                        197,
                        198,
                        199,
                        200,
                        217,
                        218,
                        219,
                        220,
                        227,
                        228,
                        232,
                        233,
                        234,
                        235,
                        240,
                        241,
                        243,
                        251,
                        260,
                        262,
                        263,
                        264,
                        265,
                        266,
                        267,
                        269,
                        270,
                        271,
                        272,
                        274,
                        275,
                        277,
                        278,
                        280,
                        281,
                        285,
                        286,
                        287,
                        288,
                        289,
                        291,
                        292,
                        294,
                        304,
                        306,
                        308,
                        309,
                        310,
                        316
                    ],
                    "summary": {
                        "covered_lines": 138,
                        "num_statements": 160,
                        "percent_covered": 86.25,
                        "percent_covered_display": "86",
                        "missing_lines": 22,
                        "excluded_lines": 0
                    },
                    "missing_lines": [
                        98,
                        99,
                        100,
                        120,
                        230,
                        236,
                        237,
                        238,
                        253,
                        254,
                        255,
                        256,
                        257,
                        282,
                        283,
                        296,
                        297,
                        298,
                        301,
                        318,
                        319,
                        320
                    ],
                    "excluded_lines": []
                }
            }
        },
        "tests/conftest.py": {
            "executed_lines": [
                1,
                3,
                4,
                5,
                6,
                7,
                8,
                11,
                14,
                16,
                17,
                18,
                21,
                22,
                24,
                25,
                28,
                29,
                31,
                32
            ],
            "summary": {
                "covered_lines": 19,
                "num_statements": 19,
                "percent_covered": 100.0,
                "percent_covered_display": "100",
                "missing_lines": 0,
                "excluded_lines": 0
            },
            "missing_lines": [],
            "excluded_lines": [],
            "functions": {
                "s3_client": {
                    "executed_lines": [
                        24,
                        25
                    ],
                    "summary": {
                        "covered_lines": 2,
                        "num_statements": 2,
                        "percent_covered": 100.0,
                        "percent_covered_display": "100",
                        "missing_lines": 0,
                        "excluded_lines": 0
                    },
                    "missing_lines": [],
                    "excluded_lines": []
                },
                "secretsmanager_client": {
                    "executed_lines": [
                        31,
                        32
                    ],
                    "summary": {
                        "covered_lines": 2,
                        "num_statements": 2,
                        "percent_covered": 100.0,
                        "percent_covered_display": "100",
                        "missing_lines": 0,
                        "excluded_lines": 0
                    },
                    "missing_lines": [],
                    "excluded_lines": []
                },
                "": {
                    "executed_lines": [
                        1,
                        3,
                        4,
                        5,
                        6,
                        7,
                        8,
                        11,
                        14,
                        16,
                        17,
                        18,
                        21,
                        22,
                        28,
                        29
                    ],
                    "summary": {
                        "covered_lines": 15,
                        "num_statements": 15,
                        "percent_covered": 100.0,
                        "percent_covered_display": "100",
                        "missing_lines": 0,
                        "excluded_lines": 0
                    },
                    "missing_lines": [],
                    "excluded_lines": []
                }
            },
            "classes": {
                "": {
                    "executed_lines": [
                        1,
                        3,
                        4,
                        5,
                        6,
                        7,
                        8,
                        11,
                        14,
                        16,
                        17,
                        18,
                        21,
                        22,
                        24,
                        25,
                        28,
                        29,
                        31,
                        32
                    ],
                    "summary": {
                        "covered_lines": 19,
                        "num_statements": 19,
                        "percent_covered": 100.0,
                        "percent_covered_display": "100",
                        "missing_lines": 0,
                        "excluded_lines": 0
                    },
                    "missing_lines": [],
                    "excluded_lines": []
                }
            }
        },
        "tests/test_transform_new_lead.py": {
            "executed_lines": [
                1,
                13,
                14,
                15,
                16,
                18,
                19,
                20,
                33,
                34,
                36,
                49,
                63,
                64,
                66,
                126,
                127,
                129,
                133,
                137,
                141,
                142,
                144,
                148,
                150,
                152,
                156,
                158,
                160,
                161,
                163,
                165,
                171,
                179,
                181,
                183,
                184,
                185,
                186,
                187,
                188,
                189,
                190,
                191,
                192,
                193,
                194,
                197,
                198,
                200,
                204,
                206,
                208,
                210,
                212,
                216,
                218,
                220,
                221,
                223,
                225,
                234,
                235,
                236,
                237,
                238,
                241,
                242,
                243,
                245,
                246,
                247,
                249,
                250,
                252,
                253,
                254,
                255,
                256,
                257,
                259,
                260,
                262,
                263,
                267,
                268,
                269,
                270,
                273,
                274,
                275,
                276,
                277,
                290,
                291,
                292,
                293,
                294,
                295,
                302,
                303,
                309,
                310,
                311,
                317,
                318,
                324,
                325,
                328,
                329,
                330,
                331,
                333,
                334,
                335,
                348,
                349,
                351,
                352,
                353,
                354,
                355,
                361,
                362,
                367,
                368,
                374,
                375,
                377,
                378,
                379
            ],
            "summary": {
                "covered_lines": 130,
                "num_statements": 140,
                "percent_covered": 92.85714285714286,
                "percent_covered_display": "93",
                "missing_lines": 10,
                "excluded_lines": 0
            },
            "missing_lines": [
                319,
                320,
                321,
                322,
                323,
                369,
                370,
                371,
                372,
                373
            ],
            "excluded_lines": [],
            "functions": {
                "mock_sqs_s3_event": {
                    "executed_lines": [
                        36,
                        49
                    ],
                    "summary": {
                        "covered_lines": 2,
                        "num_statements": 2,
                        "percent_covered": 100.0,
                        "percent_covered_display": "100",
                        "missing_lines": 0,
                        "excluded_lines": 0
                    },
                    "missing_lines": [],
                    "excluded_lines": []
                },
                "mock_activix_lead_data": {
                    "executed_lines": [
                        66
                    ],
                    "summary": {
                        "covered_lines": 1,
                        "num_statements": 1,
                        "percent_covered": 100.0,
                        "percent_covered_display": "100",
                        "missing_lines": 0,
                        "excluded_lines": 0
                    },
                    "missing_lines": [],
                    "excluded_lines": []
                },
                "mock_secrets_manager_response": {
                    "executed_lines": [
                        129,
                        133,
                        137
                    ],
                    "summary": {
                        "covered_lines": 3,
                        "num_statements": 3,
                        "percent_covered": 100.0,
                        "percent_covered_display": "100",
                        "missing_lines": 0,
                        "excluded_lines": 0
                    },
                    "missing_lines": [],
                    "excluded_lines": []
                },
                "TestSuccessCases.test_parse_phone_number_mobile_preferred": {
                    "executed_lines": [
                        144,
                        148
                    ],
                    "summary": {
                        "covered_lines": 2,
                        "num_statements": 2,
                        "percent_covered": 100.0,
                        "percent_covered_display": "100",
                        "missing_lines": 0,
                        "excluded_lines": 0
                    },
                    "missing_lines": [],
                    "excluded_lines": []
                },
                "TestSuccessCases.test_parse_email_valid_preferred": {
                    "executed_lines": [
                        152,
                        156
                    ],
                    "summary": {
                        "covered_lines": 2,
                        "num_statements": 2,
                        "percent_covered": 100.0,
                        "percent_covered_display": "100",
                        "missing_lines": 0,
                        "excluded_lines": 0
                    },
                    "missing_lines": [],
                    "excluded_lines": []
                },
                "TestSuccessCases.test_parse_address_both_lines": {
                    "executed_lines": [
                        160,
                        161
                    ],
                    "summary": {
                        "covered_lines": 2,
                        "num_statements": 2,
                        "percent_covered": 100.0,
                        "percent_covered_display": "100",
                        "missing_lines": 0,
                        "excluded_lines": 0
                    },
                    "missing_lines": [],
                    "excluded_lines": []
                },
                "TestSuccessCases.test_extract_salesperson_bdc": {
                    "executed_lines": [
                        165,
                        171,
                        179
                    ],
                    "summary": {
                        "covered_lines": 3,
                        "num_statements": 3,
                        "percent_covered": 100.0,
                        "percent_covered_display": "100",
                        "missing_lines": 0,
                        "excluded_lines": 0
                    },
                    "missing_lines": [],
                    "excluded_lines": []
                },
                "TestSuccessCases.test_parse_lead_complete": {
                    "executed_lines": [
                        183,
                        184,
                        185,
                        186,
                        187,
                        188,
                        189,
                        190,
                        191,
                        192,
                        193,
                        194
                    ],
                    "summary": {
                        "covered_lines": 12,
                        "num_statements": 12,
                        "percent_covered": 100.0,
                        "percent_covered_display": "100",
                        "missing_lines": 0,
                        "excluded_lines": 0
                    },
                    "missing_lines": [],
                    "excluded_lines": []
                },
                "TestEdgeCases.test_parse_phone_number_no_mobile": {
                    "executed_lines": [
                        200,
                        204
                    ],
                    "summary": {
                        "covered_lines": 2,
                        "num_statements": 2,
                        "percent_covered": 100.0,
                        "percent_covered_display": "100",
                        "missing_lines": 0,
                        "excluded_lines": 0
                    },
                    "missing_lines": [],
                    "excluded_lines": []
                },
                "TestEdgeCases.test_parse_phone_number_empty_list": {
                    "executed_lines": [
                        208
                    ],
                    "summary": {
                        "covered_lines": 1,
                        "num_statements": 1,
                        "percent_covered": 100.0,
                        "percent_covered_display": "100",
                        "missing_lines": 0,
                        "excluded_lines": 0
                    },
                    "missing_lines": [],
                    "excluded_lines": []
                },
                "TestEdgeCases.test_parse_email_all_invalid": {
                    "executed_lines": [
                        212,
                        216
                    ],
                    "summary": {
                        "covered_lines": 2,
                        "num_statements": 2,
                        "percent_covered": 100.0,
                        "percent_covered_display": "100",
                        "missing_lines": 0,
                        "excluded_lines": 0
                    },
                    "missing_lines": [],
                    "excluded_lines": []
                },
                "TestEdgeCases.test_parse_address_single_line": {
                    "executed_lines": [
                        220,
                        221
                    ],
                    "summary": {
                        "covered_lines": 2,
                        "num_statements": 2,
                        "percent_covered": 100.0,
                        "percent_covered_display": "100",
                        "missing_lines": 0,
                        "excluded_lines": 0
                    },
                    "missing_lines": [],
                    "excluded_lines": []
                },
                "TestEdgeCases.test_parse_lead_minimal": {
                    "executed_lines": [
                        225,
                        234,
                        235,
                        236,
                        237,
                        238
                    ],
                    "summary": {
                        "covered_lines": 6,
                        "num_statements": 6,
                        "percent_covered": 100.0,
                        "percent_covered_display": "100",
                        "missing_lines": 0,
                        "excluded_lines": 0
                    },
                    "missing_lines": [],
                    "excluded_lines": []
                },
                "TestErrorHandlingAndValidation.test_get_existing_lead_not_found": {
                    "executed_lines": [
                        245,
                        246,
                        247
                    ],
                    "summary": {
                        "covered_lines": 3,
                        "num_statements": 3,
                        "percent_covered": 100.0,
                        "percent_covered_display": "100",
                        "missing_lines": 0,
                        "excluded_lines": 0
                    },
                    "missing_lines": [],
                    "excluded_lines": []
                },
                "TestErrorHandlingAndValidation.test_get_existing_lead_error": {
                    "executed_lines": [
                        252,
                        253,
                        254,
                        255,
                        256,
                        257
                    ],
                    "summary": {
                        "covered_lines": 6,
                        "num_statements": 6,
                        "percent_covered": 100.0,
                        "percent_covered_display": "100",
                        "missing_lines": 0,
                        "excluded_lines": 0
                    },
                    "missing_lines": [],
                    "excluded_lines": []
                },
                "TestErrorHandlingAndValidation.test_create_consumer_error": {
                    "executed_lines": [
                        262,
                        263,
                        267,
                        268,
                        269,
                        270
                    ],
                    "summary": {
                        "covered_lines": 6,
                        "num_statements": 6,
                        "percent_covered": 100.0,
                        "percent_covered_display": "100",
                        "missing_lines": 0,
                        "excluded_lines": 0
                    },
                    "missing_lines": [],
                    "excluded_lines": []
                },
                "TestIntegration.test_lambda_handler_successful_flow": {
                    "executed_lines": [
                        290,
                        291,
                        292,
                        293,
                        294,
                        295,
                        302,
                        303,
                        309,
                        310,
                        311,
                        317,
                        318,
                        324,
                        325,
                        328,
                        329,
                        330,
                        331
                    ],
                    "summary": {
                        "covered_lines": 19,
                        "num_statements": 19,
                        "percent_covered": 100.0,
                        "percent_covered_display": "100",
                        "missing_lines": 0,
                        "excluded_lines": 0
                    },
                    "missing_lines": [],
                    "excluded_lines": []
                },
                "TestIntegration.test_lambda_handler_successful_flow.boto_client_side_effect": {
                    "executed_lines": [],
                    "summary": {
                        "covered_lines": 0,
                        "num_statements": 5,
                        "percent_covered": 0.0,
                        "percent_covered_display": "0",
                        "missing_lines": 5,
                        "excluded_lines": 0
                    },
                    "missing_lines": [
                        319,
                        320,
                        321,
                        322,
                        323
                    ],
                    "excluded_lines": []
                },
                "TestIntegration.test_lambda_handler_duplicate_lead": {
                    "executed_lines": [
                        348,
                        349,
                        351,
                        352,
                        353,
                        354,
                        355,
                        361,
                        362,
                        367,
                        368,
                        374,
                        375,
                        377,
                        378,
                        379
                    ],
                    "summary": {
                        "covered_lines": 16,
                        "num_statements": 16,
                        "percent_covered": 100.0,
                        "percent_covered_display": "100",
                        "missing_lines": 0,
                        "excluded_lines": 0
                    },
                    "missing_lines": [],
                    "excluded_lines": []
                },
                "TestIntegration.test_lambda_handler_duplicate_lead.boto_client_side_effect": {
                    "executed_lines": [],
                    "summary": {
                        "covered_lines": 0,
                        "num_statements": 5,
                        "percent_covered": 0.0,
                        "percent_covered_display": "0",
                        "missing_lines": 5,
                        "excluded_lines": 0
                    },
                    "missing_lines": [
                        369,
                        370,
                        371,
                        372,
                        373
                    ],
                    "excluded_lines": []
                },
                "": {
                    "executed_lines": [
                        1,
                        13,
                        14,
                        15,
                        16,
                        18,
                        19,
                        20,
                        33,
                        34,
                        63,
                        64,
                        126,
                        127,
                        141,
                        142,
                        150,
                        158,
                        163,
                        181,
                        197,
                        198,
                        206,
                        210,
                        218,
                        223,
                        241,
                        242,
                        243,
                        249,
                        250,
                        259,
                        260,
                        273,
                        274,
                        275,
                        276,
                        277,
                        333,
                        334,
                        335
                    ],
                    "summary": {
                        "covered_lines": 40,
                        "num_statements": 40,
                        "percent_covered": 100.0,
                        "percent_covered_display": "100",
                        "missing_lines": 0,
                        "excluded_lines": 0
                    },
                    "missing_lines": [],
                    "excluded_lines": []
                }
            },
            "classes": {
                "TestSuccessCases": {
                    "executed_lines": [
                        144,
                        148,
                        152,
                        156,
                        160,
                        161,
                        165,
                        171,
                        179,
                        183,
                        184,
                        185,
                        186,
                        187,
                        188,
                        189,
                        190,
                        191,
                        192,
                        193,
                        194
                    ],
                    "summary": {
                        "covered_lines": 21,
                        "num_statements": 21,
                        "percent_covered": 100.0,
                        "percent_covered_display": "100",
                        "missing_lines": 0,
                        "excluded_lines": 0
                    },
                    "missing_lines": [],
                    "excluded_lines": []
                },
                "TestEdgeCases": {
                    "executed_lines": [
                        200,
                        204,
                        208,
                        212,
                        216,
                        220,
                        221,
                        225,
                        234,
                        235,
                        236,
                        237,
                        238
                    ],
                    "summary": {
                        "covered_lines": 13,
                        "num_statements": 13,
                        "percent_covered": 100.0,
                        "percent_covered_display": "100",
                        "missing_lines": 0,
                        "excluded_lines": 0
                    },
                    "missing_lines": [],
                    "excluded_lines": []
                },
                "TestErrorHandlingAndValidation": {
                    "executed_lines": [
                        245,
                        246,
                        247,
                        252,
                        253,
                        254,
                        255,
                        256,
                        257,
                        262,
                        263,
                        267,
                        268,
                        269,
                        270
                    ],
                    "summary": {
                        "covered_lines": 15,
                        "num_statements": 15,
                        "percent_covered": 100.0,
                        "percent_covered_display": "100",
                        "missing_lines": 0,
                        "excluded_lines": 0
                    },
                    "missing_lines": [],
                    "excluded_lines": []
                },
                "TestIntegration": {
                    "executed_lines": [
                        290,
                        291,
                        292,
                        293,
                        294,
                        295,
                        302,
                        303,
                        309,
                        310,
                        311,
                        317,
                        318,
                        324,
                        325,
                        328,
                        329,
                        330,
                        331,
                        348,
                        349,
                        351,
                        352,
                        353,
                        354,
                        355,
                        361,
                        362,
                        367,
                        368,
                        374,
                        375,
                        377,
                        378,
                        379
                    ],
                    "summary": {
                        "covered_lines": 35,
                        "num_statements": 45,
                        "percent_covered": 77.77777777777777,
                        "percent_covered_display": "78",
                        "missing_lines": 10,
                        "excluded_lines": 0
                    },
                    "missing_lines": [
                        319,
                        320,
                        321,
                        322,
                        323,
                        369,
                        370,
                        371,
                        372,
                        373
                    ],
                    "excluded_lines": []
                },
                "": {
                    "executed_lines": [
                        1,
                        13,
                        14,
                        15,
                        16,
                        18,
                        19,
                        20,
                        33,
                        34,
                        36,
                        49,
                        63,
                        64,
                        66,
                        126,
                        127,
                        129,
                        133,
                        137,
                        141,
                        142,
                        150,
                        158,
                        163,
                        181,
                        197,
                        198,
                        206,
                        210,
                        218,
                        223,
                        241,
                        242,
                        243,
                        249,
                        250,
                        259,
                        260,
                        273,
                        274,
                        275,
                        276,
                        277,
                        333,
                        334,
                        335
                    ],
                    "summary": {
                        "covered_lines": 46,
                        "num_statements": 46,
                        "percent_covered": 100.0,
                        "percent_covered_display": "100",
                        "missing_lines": 0,
                        "excluded_lines": 0
                    },
                    "missing_lines": [],
                    "excluded_lines": []
                }
            }
        }
    },
    "totals": {
        "covered_lines": 287,
        "num_statements": 319,
        "percent_covered": 89.96865203761756,
        "percent_covered_display": "90",
        "missing_lines": 32,
        "excluded_lines": 0
    }
}