{
    "meta": {
        "format": 3,
        "version": "7.9.1",
        "timestamp": "2025-06-24T15:52:51.251923",
        "branch_coverage": false,
        "show_contexts": false
    },
    "files": {
        "app/transform_data.py": {
            "executed_lines": [
                1,
                3,
                4,
                5,
                6,
                7,
                8,
                9,
                10,
                16,
                17,
                19,
                20,
                21,
                22,
                23,
                25,
                26,
                29,
                30,
                33,
                35,
                38,
                39,
                41,
                44,
                46,
                47,
                55,
                58,
                59,
                61,
                65,
                68,
                70,
                71,
                76,
                79,
                80,
                82,
                86,
                89,
                91,
                92,
                93,
                94,
                95,
                96,
                97,
                98,
                99,
                106,
                107,
                108,
                109,
                110,
                111,
                112,
                113,
                114,
                115,
                118,
                120,
                121,
                122,
                127,
                129,
                130,
                131,
                132,
                133,
                136,
                137,
                138,
                139,
                140,
                141,
                142,
                143,
                146,
                147,
                148,
                149,
                150,
                152,
                153,
                155,
                157,
                164,
                165,
                166,
                168,
                169,
                171,
                174,
                175,
                176,
                177,
                179,
                180,
                181,
                183,
                184,
                186,
                193,
                197,
                200,
                201,
                202,
                203,
                204,
                209,
                210,
                212,
                214,
                220,
                221,
                222,
                223,
                226,
                228,
                230,
                231,
                232,
                233,
                234,
                235,
                236,
                238,
                239,
                240,
                241,
                243,
                245,
                246,
                248,
                250,
                260
            ],
            "summary": {
                "covered_lines": 137,
                "num_statements": 163,
                "percent_covered": 84.04907975460122,
                "percent_covered_display": "84",
                "missing_lines": 26,
                "excluded_lines": 0
            },
            "missing_lines": [
                62,
                63,
                83,
                84,
                101,
                102,
                103,
                123,
                124,
                125,
                126,
                151,
                194,
                195,
                252,
                253,
                254,
                257,
                262,
                264,
                265,
                266,
                272,
                273,
                274,
                275
            ],
            "excluded_lines": [],
            "functions": {
                "get_secret": {
                    "executed_lines": [
                        35,
                        38,
                        39,
                        41
                    ],
                    "summary": {
                        "covered_lines": 4,
                        "num_statements": 4,
                        "percent_covered": 100.0,
                        "percent_covered_display": "100",
                        "missing_lines": 0,
                        "excluded_lines": 0
                    },
                    "missing_lines": [],
                    "excluded_lines": []
                },
                "upload_consumer_to_db": {
                    "executed_lines": [
                        46,
                        47,
                        55,
                        58,
                        59,
                        61,
                        65
                    ],
                    "summary": {
                        "covered_lines": 7,
                        "num_statements": 9,
                        "percent_covered": 77.77777777777777,
                        "percent_covered_display": "78",
                        "missing_lines": 2,
                        "excluded_lines": 0
                    },
                    "missing_lines": [
                        62,
                        63
                    ],
                    "excluded_lines": []
                },
                "upload_lead_to_db": {
                    "executed_lines": [
                        70,
                        71,
                        76,
                        79,
                        80,
                        82,
                        86
                    ],
                    "summary": {
                        "covered_lines": 7,
                        "num_statements": 9,
                        "percent_covered": 77.77777777777777,
                        "percent_covered_display": "78",
                        "missing_lines": 2,
                        "excluded_lines": 0
                    },
                    "missing_lines": [
                        83,
                        84
                    ],
                    "excluded_lines": []
                },
                "create_lead": {
                    "executed_lines": [
                        91,
                        92,
                        93,
                        94,
                        95,
                        96,
                        97,
                        98,
                        99
                    ],
                    "summary": {
                        "covered_lines": 9,
                        "num_statements": 12,
                        "percent_covered": 75.0,
                        "percent_covered_display": "75",
                        "missing_lines": 3,
                        "excluded_lines": 0
                    },
                    "missing_lines": [
                        101,
                        102,
                        103
                    ],
                    "excluded_lines": []
                },
                "extract_value": {
                    "executed_lines": [
                        107,
                        108,
                        109,
                        110,
                        111,
                        112,
                        113,
                        114,
                        115
                    ],
                    "summary": {
                        "covered_lines": 9,
                        "num_statements": 9,
                        "percent_covered": 100.0,
                        "percent_covered_display": "100",
                        "missing_lines": 0,
                        "excluded_lines": 0
                    },
                    "missing_lines": [],
                    "excluded_lines": []
                },
                "parse_json_to_entries": {
                    "executed_lines": [
                        120,
                        129,
                        130,
                        131,
                        132,
                        133,
                        136,
                        137,
                        138,
                        139,
                        140,
                        141,
                        142,
                        143,
                        146,
                        147,
                        148,
                        149,
                        150,
                        152,
                        153,
                        155,
                        157,
                        164,
                        165,
                        166,
                        168,
                        169,
                        171,
                        174,
                        175,
                        176,
                        177,
                        179,
                        180,
                        181,
                        183,
                        184,
                        186,
                        193,
                        197,
                        200,
                        201,
                        202,
                        203,
                        204,
                        209,
                        210,
                        212,
                        214,
                        220,
                        221,
                        222,
                        223
                    ],
                    "summary": {
                        "covered_lines": 54,
                        "num_statements": 57,
                        "percent_covered": 94.73684210526316,
                        "percent_covered_display": "95",
                        "missing_lines": 3,
                        "excluded_lines": 0
                    },
                    "missing_lines": [
                        151,
                        194,
                        195
                    ],
                    "excluded_lines": []
                },
                "parse_json_to_entries.name_split": {
                    "executed_lines": [
                        121,
                        122,
                        127
                    ],
                    "summary": {
                        "covered_lines": 3,
                        "num_statements": 7,
                        "percent_covered": 42.857142857142854,
                        "percent_covered_display": "43",
                        "missing_lines": 4,
                        "excluded_lines": 0
                    },
                    "missing_lines": [
                        123,
                        124,
                        125,
                        126
                    ],
                    "excluded_lines": []
                },
                "record_handler": {
                    "executed_lines": [
                        228,
                        230,
                        231,
                        232,
                        233,
                        234,
                        235,
                        236,
                        238,
                        239,
                        240,
                        241,
                        243,
                        245,
                        246,
                        248,
                        250
                    ],
                    "summary": {
                        "covered_lines": 17,
                        "num_statements": 21,
                        "percent_covered": 80.95238095238095,
                        "percent_covered_display": "81",
                        "missing_lines": 4,
                        "excluded_lines": 0
                    },
                    "missing_lines": [
                        252,
                        253,
                        254,
                        257
                    ],
                    "excluded_lines": []
                },
                "lambda_handler": {
                    "executed_lines": [],
                    "summary": {
                        "covered_lines": 0,
                        "num_statements": 8,
                        "percent_covered": 0.0,
                        "percent_covered_display": "0",
                        "missing_lines": 8,
                        "excluded_lines": 0
                    },
                    "missing_lines": [
                        262,
                        264,
                        265,
                        266,
                        272,
                        273,
                        274,
                        275
                    ],
                    "excluded_lines": []
                },
                "": {
                    "executed_lines": [
                        1,
                        3,
                        4,
                        5,
                        6,
                        7,
                        8,
                        9,
                        10,
                        16,
                        17,
                        19,
                        20,
                        21,
                        22,
                        23,
                        25,
                        26,
                        29,
                        30,
                        33,
                        44,
                        68,
                        89,
                        106,
                        118,
                        226,
                        260
                    ],
                    "summary": {
                        "covered_lines": 27,
                        "num_statements": 27,
                        "percent_covered": 100.0,
                        "percent_covered_display": "100",
                        "missing_lines": 0,
                        "excluded_lines": 0
                    },
                    "missing_lines": [],
                    "excluded_lines": []
                }
            },
            "classes": {
                "EventListenerError": {
                    "executed_lines": [],
                    "summary": {
                        "covered_lines": 0,
                        "num_statements": 0,
                        "percent_covered": 100.0,
                        "percent_covered_display": "100",
                        "missing_lines": 0,
                        "excluded_lines": 0
                    },
                    "missing_lines": [],
                    "excluded_lines": []
                },
                "": {
                    "executed_lines": [
                        1,
                        3,
                        4,
                        5,
                        6,
                        7,
                        8,
                        9,
                        10,
                        16,
                        17,
                        19,
                        20,
                        21,
                        22,
                        23,
                        25,
                        26,
                        29,
                        30,
                        33,
                        35,
                        38,
                        39,
                        41,
                        44,
                        46,
                        47,
                        55,
                        58,
                        59,
                        61,
                        65,
                        68,
                        70,
                        71,
                        76,
                        79,
                        80,
                        82,
                        86,
                        89,
                        91,
                        92,
                        93,
                        94,
                        95,
                        96,
                        97,
                        98,
                        99,
                        106,
                        107,
                        108,
                        109,
                        110,
                        111,
                        112,
                        113,
                        114,
                        115,
                        118,
                        120,
                        121,
                        122,
                        127,
                        129,
                        130,
                        131,
                        132,
                        133,
                        136,
                        137,
                        138,
                        139,
                        140,
                        141,
                        142,
                        143,
                        146,
                        147,
                        148,
                        149,
                        150,
                        152,
                        153,
                        155,
                        157,
                        164,
                        165,
                        166,
                        168,
                        169,
                        171,
                        174,
                        175,
                        176,
                        177,
                        179,
                        180,
                        181,
                        183,
                        184,
                        186,
                        193,
                        197,
                        200,
                        201,
                        202,
                        203,
                        204,
                        209,
                        210,
                        212,
                        214,
                        220,
                        221,
                        222,
                        223,
                        226,
                        228,
                        230,
                        231,
                        232,
                        233,
                        234,
                        235,
                        236,
                        238,
                        239,
                        240,
                        241,
                        243,
                        245,
                        246,
                        248,
                        250,
                        260
                    ],
                    "summary": {
                        "covered_lines": 137,
                        "num_statements": 163,
                        "percent_covered": 84.04907975460122,
                        "percent_covered_display": "84",
                        "missing_lines": 26,
                        "excluded_lines": 0
                    },
                    "missing_lines": [
                        62,
                        63,
                        83,
                        84,
                        101,
                        102,
                        103,
                        123,
                        124,
                        125,
                        126,
                        151,
                        194,
                        195,
                        252,
                        253,
                        254,
                        257,
                        262,
                        264,
                        265,
                        266,
                        272,
                        273,
                        274,
                        275
                    ],
                    "excluded_lines": []
                }
            }
        },
        "tests/conftest.py": {
            "executed_lines": [
                1,
                3,
                4,
                5,
                6,
                7,
                8,
                11,
                14,
                17,
                18,
                19,
                20,
                21,
                22,
                23,
                24,
                27,
                28,
                30,
                31,
                34,
                35,
                37,
                38,
                41,
                42,
                48,
                49
            ],
            "summary": {
                "covered_lines": 28,
                "num_statements": 32,
                "percent_covered": 87.5,
                "percent_covered_display": "88",
                "missing_lines": 4,
                "excluded_lines": 0
            },
            "missing_lines": [
                44,
                45,
                51,
                52
            ],
            "excluded_lines": [],
            "functions": {
                "s3_client": {
                    "executed_lines": [
                        30,
                        31
                    ],
                    "summary": {
                        "covered_lines": 2,
                        "num_statements": 2,
                        "percent_covered": 100.0,
                        "percent_covered_display": "100",
                        "missing_lines": 0,
                        "excluded_lines": 0
                    },
                    "missing_lines": [],
                    "excluded_lines": []
                },
                "secretsmanager_client": {
                    "executed_lines": [
                        37,
                        38
                    ],
                    "summary": {
                        "covered_lines": 2,
                        "num_statements": 2,
                        "percent_covered": 100.0,
                        "percent_covered_display": "100",
                        "missing_lines": 0,
                        "excluded_lines": 0
                    },
                    "missing_lines": [],
                    "excluded_lines": []
                },
                "sqs_client": {
                    "executed_lines": [],
                    "summary": {
                        "covered_lines": 0,
                        "num_statements": 2,
                        "percent_covered": 0.0,
                        "percent_covered_display": "0",
                        "missing_lines": 2,
                        "excluded_lines": 0
                    },
                    "missing_lines": [
                        44,
                        45
                    ],
                    "excluded_lines": []
                },
                "sns_client": {
                    "executed_lines": [],
                    "summary": {
                        "covered_lines": 0,
                        "num_statements": 2,
                        "percent_covered": 0.0,
                        "percent_covered_display": "0",
                        "missing_lines": 2,
                        "excluded_lines": 0
                    },
                    "missing_lines": [
                        51,
                        52
                    ],
                    "excluded_lines": []
                },
                "": {
                    "executed_lines": [
                        1,
                        3,
                        4,
                        5,
                        6,
                        7,
                        8,
                        11,
                        14,
                        17,
                        18,
                        19,
                        20,
                        21,
                        22,
                        23,
                        24,
                        27,
                        28,
                        34,
                        35,
                        41,
                        42,
                        48,
                        49
                    ],
                    "summary": {
                        "covered_lines": 24,
                        "num_statements": 24,
                        "percent_covered": 100.0,
                        "percent_covered_display": "100",
                        "missing_lines": 0,
                        "excluded_lines": 0
                    },
                    "missing_lines": [],
                    "excluded_lines": []
                }
            },
            "classes": {
                "": {
                    "executed_lines": [
                        1,
                        3,
                        4,
                        5,
                        6,
                        7,
                        8,
                        11,
                        14,
                        17,
                        18,
                        19,
                        20,
                        21,
                        22,
                        23,
                        24,
                        27,
                        28,
                        30,
                        31,
                        34,
                        35,
                        37,
                        38,
                        41,
                        42,
                        48,
                        49
                    ],
                    "summary": {
                        "covered_lines": 28,
                        "num_statements": 32,
                        "percent_covered": 87.5,
                        "percent_covered_display": "88",
                        "missing_lines": 4,
                        "excluded_lines": 0
                    },
                    "missing_lines": [
                        44,
                        45,
                        51,
                        52
                    ],
                    "excluded_lines": []
                }
            }
        },
        "tests/test_transform_data.py": {
            "executed_lines": [
                1,
                12,
                13,
                14,
                15,
                17,
                18,
                19,
                21,
                30,
                31,
                33,
                67,
                68,
                70,
                103,
                104,
                106,
                120,
                121,
                123,
                124,
                125,
                127,
                129,
                130,
                131,
                133,
                135,
                136,
                137,
                138,
                140,
                141,
                143,
                144,
                145,
                150,
                154,
                155,
                157,
                165,
                166,
                167,
                168,
                170,
                172,
                173,
                174,
                178,
                179,
                181,
                186,
                187,
                189,
                190,
                192,
                193,
                195,
                196,
                204,
                205,
                206,
                207,
                218,
                219,
                220,
                227,
                228,
                234,
                235,
                241,
                242,
                245,
                246
            ],
            "summary": {
                "covered_lines": 74,
                "num_statements": 74,
                "percent_covered": 100.0,
                "percent_covered_display": "100",
                "missing_lines": 0,
                "excluded_lines": 0
            },
            "missing_lines": [],
            "excluded_lines": [],
            "functions": {
                "mock_carsales_raw_data": {
                    "executed_lines": [
                        33
                    ],
                    "summary": {
                        "covered_lines": 1,
                        "num_statements": 1,
                        "percent_covered": 100.0,
                        "percent_covered_display": "100",
                        "missing_lines": 0,
                        "excluded_lines": 0
                    },
                    "missing_lines": [],
                    "excluded_lines": []
                },
                "mock_transformed_lead_data": {
                    "executed_lines": [
                        70
                    ],
                    "summary": {
                        "covered_lines": 1,
                        "num_statements": 1,
                        "percent_covered": 100.0,
                        "percent_covered_display": "100",
                        "missing_lines": 0,
                        "excluded_lines": 0
                    },
                    "missing_lines": [],
                    "excluded_lines": []
                },
                "mock_sqs_s3_event": {
                    "executed_lines": [
                        106
                    ],
                    "summary": {
                        "covered_lines": 1,
                        "num_statements": 1,
                        "percent_covered": 100.0,
                        "percent_covered_display": "100",
                        "missing_lines": 0,
                        "excluded_lines": 0
                    },
                    "missing_lines": [],
                    "excluded_lines": []
                },
                "TestSuccessCases.test_extract_value_identification": {
                    "executed_lines": [
                        123,
                        124,
                        125
                    ],
                    "summary": {
                        "covered_lines": 3,
                        "num_statements": 3,
                        "percent_covered": 100.0,
                        "percent_covered_display": "100",
                        "missing_lines": 0,
                        "excluded_lines": 0
                    },
                    "missing_lines": [],
                    "excluded_lines": []
                },
                "TestSuccessCases.test_extract_value_phone": {
                    "executed_lines": [
                        129,
                        130,
                        131
                    ],
                    "summary": {
                        "covered_lines": 3,
                        "num_statements": 3,
                        "percent_covered": 100.0,
                        "percent_covered_display": "100",
                        "missing_lines": 0,
                        "excluded_lines": 0
                    },
                    "missing_lines": [],
                    "excluded_lines": []
                },
                "TestSuccessCases.test_parse_json_to_entries_success": {
                    "executed_lines": [
                        135,
                        136,
                        137,
                        138
                    ],
                    "summary": {
                        "covered_lines": 4,
                        "num_statements": 4,
                        "percent_covered": 100.0,
                        "percent_covered_display": "100",
                        "missing_lines": 0,
                        "excluded_lines": 0
                    },
                    "missing_lines": [],
                    "excluded_lines": []
                },
                "TestSuccessCases.test_upload_consumer_to_db_success": {
                    "executed_lines": [
                        143,
                        144,
                        145,
                        150
                    ],
                    "summary": {
                        "covered_lines": 4,
                        "num_statements": 4,
                        "percent_covered": 100.0,
                        "percent_covered_display": "100",
                        "missing_lines": 0,
                        "excluded_lines": 0
                    },
                    "missing_lines": [],
                    "excluded_lines": []
                },
                "TestEdgeCases.test_parse_json_to_entries_missing_optional_fields": {
                    "executed_lines": [
                        157,
                        165,
                        166,
                        167,
                        168
                    ],
                    "summary": {
                        "covered_lines": 5,
                        "num_statements": 5,
                        "percent_covered": 100.0,
                        "percent_covered_display": "100",
                        "missing_lines": 0,
                        "excluded_lines": 0
                    },
                    "missing_lines": [],
                    "excluded_lines": []
                },
                "TestEdgeCases.test_extract_value_not_found": {
                    "executed_lines": [
                        172,
                        173,
                        174
                    ],
                    "summary": {
                        "covered_lines": 3,
                        "num_statements": 3,
                        "percent_covered": 100.0,
                        "percent_covered_display": "100",
                        "missing_lines": 0,
                        "excluded_lines": 0
                    },
                    "missing_lines": [],
                    "excluded_lines": []
                },
                "TestErrorHandling.test_parse_json_to_entries_missing_required_fields": {
                    "executed_lines": [
                        181,
                        186,
                        187
                    ],
                    "summary": {
                        "covered_lines": 3,
                        "num_statements": 3,
                        "percent_covered": 100.0,
                        "percent_covered_display": "100",
                        "missing_lines": 0,
                        "excluded_lines": 0
                    },
                    "missing_lines": [],
                    "excluded_lines": []
                },
                "TestErrorHandling.test_upload_consumer_to_db_api_error": {
                    "executed_lines": [
                        192,
                        193,
                        195,
                        196
                    ],
                    "summary": {
                        "covered_lines": 4,
                        "num_statements": 4,
                        "percent_covered": 100.0,
                        "percent_covered_display": "100",
                        "missing_lines": 0,
                        "excluded_lines": 0
                    },
                    "missing_lines": [],
                    "excluded_lines": []
                },
                "TestIntegration.test_record_handler_success": {
                    "executed_lines": [
                        218,
                        219,
                        220,
                        227,
                        228,
                        234,
                        235,
                        241,
                        242,
                        245,
                        246
                    ],
                    "summary": {
                        "covered_lines": 11,
                        "num_statements": 11,
                        "percent_covered": 100.0,
                        "percent_covered_display": "100",
                        "missing_lines": 0,
                        "excluded_lines": 0
                    },
                    "missing_lines": [],
                    "excluded_lines": []
                },
                "": {
                    "executed_lines": [
                        1,
                        12,
                        13,
                        14,
                        15,
                        17,
                        18,
                        19,
                        21,
                        30,
                        31,
                        67,
                        68,
                        103,
                        104,
                        120,
                        121,
                        127,
                        133,
                        140,
                        141,
                        154,
                        155,
                        170,
                        178,
                        179,
                        189,
                        190,
                        204,
                        205,
                        206,
                        207
                    ],
                    "summary": {
                        "covered_lines": 31,
                        "num_statements": 31,
                        "percent_covered": 100.0,
                        "percent_covered_display": "100",
                        "missing_lines": 0,
                        "excluded_lines": 0
                    },
                    "missing_lines": [],
                    "excluded_lines": []
                }
            },
            "classes": {
                "TestSuccessCases": {
                    "executed_lines": [
                        123,
                        124,
                        125,
                        129,
                        130,
                        131,
                        135,
                        136,
                        137,
                        138,
                        143,
                        144,
                        145,
                        150
                    ],
                    "summary": {
                        "covered_lines": 14,
                        "num_statements": 14,
                        "percent_covered": 100.0,
                        "percent_covered_display": "100",
                        "missing_lines": 0,
                        "excluded_lines": 0
                    },
                    "missing_lines": [],
                    "excluded_lines": []
                },
                "TestEdgeCases": {
                    "executed_lines": [
                        157,
                        165,
                        166,
                        167,
                        168,
                        172,
                        173,
                        174
                    ],
                    "summary": {
                        "covered_lines": 8,
                        "num_statements": 8,
                        "percent_covered": 100.0,
                        "percent_covered_display": "100",
                        "missing_lines": 0,
                        "excluded_lines": 0
                    },
                    "missing_lines": [],
                    "excluded_lines": []
                },
                "TestErrorHandling": {
                    "executed_lines": [
                        181,
                        186,
                        187,
                        192,
                        193,
                        195,
                        196
                    ],
                    "summary": {
                        "covered_lines": 7,
                        "num_statements": 7,
                        "percent_covered": 100.0,
                        "percent_covered_display": "100",
                        "missing_lines": 0,
                        "excluded_lines": 0
                    },
                    "missing_lines": [],
                    "excluded_lines": []
                },
                "TestIntegration": {
                    "executed_lines": [
                        218,
                        219,
                        220,
                        227,
                        228,
                        234,
                        235,
                        241,
                        242,
                        245,
                        246
                    ],
                    "summary": {
                        "covered_lines": 11,
                        "num_statements": 11,
                        "percent_covered": 100.0,
                        "percent_covered_display": "100",
                        "missing_lines": 0,
                        "excluded_lines": 0
                    },
                    "missing_lines": [],
                    "excluded_lines": []
                },
                "": {
                    "executed_lines": [
                        1,
                        12,
                        13,
                        14,
                        15,
                        17,
                        18,
                        19,
                        21,
                        30,
                        31,
                        33,
                        67,
                        68,
                        70,
                        103,
                        104,
                        106,
                        120,
                        121,
                        127,
                        133,
                        140,
                        141,
                        154,
                        155,
                        170,
                        178,
                        179,
                        189,
                        190,
                        204,
                        205,
                        206,
                        207
                    ],
                    "summary": {
                        "covered_lines": 34,
                        "num_statements": 34,
                        "percent_covered": 100.0,
                        "percent_covered_display": "100",
                        "missing_lines": 0,
                        "excluded_lines": 0
                    },
                    "missing_lines": [],
                    "excluded_lines": []
                }
            }
        }
    },
    "totals": {
        "covered_lines": 239,
        "num_statements": 269,
        "percent_covered": 88.84758364312268,
        "percent_covered_display": "89",
        "missing_lines": 30,
        "excluded_lines": 0
    }
}