{
    "meta": {
        "format": 3,
        "version": "7.9.1",
        "timestamp": "2025-06-26T16:44:09.119827",
        "branch_coverage": false,
        "show_contexts": false
    },
    "files": {
        "app/transform_data.py": {
            "executed_lines": [
                1,
                3,
                4,
                5,
                6,
                7,
                8,
                9,
                10,
                16,
                17,
                19,
                20,
                21,
                22,
                23,
                29,
                30,
                33,
                45,
                47,
                48,
                56,
                59,
                60,
                62,
                66,
                69,
                90,
                107,
                108,
                109,
                110,
                111,
                112,
                113,
                114,
                115,
                116,
                119,
                121,
                122,
                123,
                128,
                130,
                131,
                132,
                133,
                134,
                137,
                138,
                139,
                140,
                141,
                142,
                143,
                144,
                147,
                148,
                149,
                150,
                151,
                153,
                154,
                156,
                158,
                165,
                166,
                167,
                169,
                170,
                172,
                175,
                176,
                177,
                178,
                180,
                181,
                182,
                184,
                185,
                187,
                194,
                198,
                201,
                202,
                203,
                204,
                205,
                210,
                211,
                213,
                215,
                221,
                222,
                223,
                224,
                227,
                262
            ],
            "summary": {
                "covered_lines": 98,
                "num_statements": 163,
                "percent_covered": 60.122699386503065,
                "percent_covered_display": "60",
                "missing_lines": 65,
                "excluded_lines": 0
            },
            "missing_lines": [
                35,
                36,
                39,
                40,
                42,
                63,
                64,
                71,
                72,
                77,
                80,
                81,
                83,
                84,
                85,
                87,
                92,
                93,
                94,
                95,
                96,
                97,
                98,
                99,
                100,
                102,
                103,
                104,
                124,
                125,
                126,
                127,
                152,
                195,
                196,
                229,
                230,
                232,
                233,
                234,
                235,
                236,
                237,
                238,
                240,
                241,
                242,
                243,
                245,
                247,
                248,
                250,
                252,
                254,
                255,
                256,
                259,
                264,
                266,
                267,
                268,
                274,
                275,
                276,
                277
            ],
            "excluded_lines": [],
            "functions": {
                "get_secret": {
                    "executed_lines": [],
                    "summary": {
                        "covered_lines": 0,
                        "num_statements": 5,
                        "percent_covered": 0.0,
                        "percent_covered_display": "0",
                        "missing_lines": 5,
                        "excluded_lines": 0
                    },
                    "missing_lines": [
                        35,
                        36,
                        39,
                        40,
                        42
                    ],
                    "excluded_lines": []
                },
                "upload_consumer_to_db": {
                    "executed_lines": [
                        47,
                        48,
                        56,
                        59,
                        60,
                        62,
                        66
                    ],
                    "summary": {
                        "covered_lines": 7,
                        "num_statements": 9,
                        "percent_covered": 77.77777777777777,
                        "percent_covered_display": "78",
                        "missing_lines": 2,
                        "excluded_lines": 0
                    },
                    "missing_lines": [
                        63,
                        64
                    ],
                    "excluded_lines": []
                },
                "upload_lead_to_db": {
                    "executed_lines": [],
                    "summary": {
                        "covered_lines": 0,
                        "num_statements": 9,
                        "percent_covered": 0.0,
                        "percent_covered_display": "0",
                        "missing_lines": 9,
                        "excluded_lines": 0
                    },
                    "missing_lines": [
                        71,
                        72,
                        77,
                        80,
                        81,
                        83,
                        84,
                        85,
                        87
                    ],
                    "excluded_lines": []
                },
                "create_lead": {
                    "executed_lines": [],
                    "summary": {
                        "covered_lines": 0,
                        "num_statements": 12,
                        "percent_covered": 0.0,
                        "percent_covered_display": "0",
                        "missing_lines": 12,
                        "excluded_lines": 0
                    },
                    "missing_lines": [
                        92,
                        93,
                        94,
                        95,
                        96,
                        97,
                        98,
                        99,
                        100,
                        102,
                        103,
                        104
                    ],
                    "excluded_lines": []
                },
                "extract_value": {
                    "executed_lines": [
                        108,
                        109,
                        110,
                        111,
                        112,
                        113,
                        114,
                        115,
                        116
                    ],
                    "summary": {
                        "covered_lines": 9,
                        "num_statements": 9,
                        "percent_covered": 100.0,
                        "percent_covered_display": "100",
                        "missing_lines": 0,
                        "excluded_lines": 0
                    },
                    "missing_lines": [],
                    "excluded_lines": []
                },
                "parse_json_to_entries": {
                    "executed_lines": [
                        121,
                        130,
                        131,
                        132,
                        133,
                        134,
                        137,
                        138,
                        139,
                        140,
                        141,
                        142,
                        143,
                        144,
                        147,
                        148,
                        149,
                        150,
                        151,
                        153,
                        154,
                        156,
                        158,
                        165,
                        166,
                        167,
                        169,
                        170,
                        172,
                        175,
                        176,
                        177,
                        178,
                        180,
                        181,
                        182,
                        184,
                        185,
                        187,
                        194,
                        198,
                        201,
                        202,
                        203,
                        204,
                        205,
                        210,
                        211,
                        213,
                        215,
                        221,
                        222,
                        223,
                        224
                    ],
                    "summary": {
                        "covered_lines": 54,
                        "num_statements": 57,
                        "percent_covered": 94.73684210526316,
                        "percent_covered_display": "95",
                        "missing_lines": 3,
                        "excluded_lines": 0
                    },
                    "missing_lines": [
                        152,
                        195,
                        196
                    ],
                    "excluded_lines": []
                },
                "parse_json_to_entries.name_split": {
                    "executed_lines": [
                        122,
                        123,
                        128
                    ],
                    "summary": {
                        "covered_lines": 3,
                        "num_statements": 7,
                        "percent_covered": 42.857142857142854,
                        "percent_covered_display": "43",
                        "missing_lines": 4,
                        "excluded_lines": 0
                    },
                    "missing_lines": [
                        124,
                        125,
                        126,
                        127
                    ],
                    "excluded_lines": []
                },
                "record_handler": {
                    "executed_lines": [],
                    "summary": {
                        "covered_lines": 0,
                        "num_statements": 22,
                        "percent_covered": 0.0,
                        "percent_covered_display": "0",
                        "missing_lines": 22,
                        "excluded_lines": 0
                    },
                    "missing_lines": [
                        229,
                        230,
                        232,
                        233,
                        234,
                        235,
                        236,
                        237,
                        238,
                        240,
                        241,
                        242,
                        243,
                        245,
                        247,
                        248,
                        250,
                        252,
                        254,
                        255,
                        256,
                        259
                    ],
                    "excluded_lines": []
                },
                "lambda_handler": {
                    "executed_lines": [],
                    "summary": {
                        "covered_lines": 0,
                        "num_statements": 8,
                        "percent_covered": 0.0,
                        "percent_covered_display": "0",
                        "missing_lines": 8,
                        "excluded_lines": 0
                    },
                    "missing_lines": [
                        264,
                        266,
                        267,
                        268,
                        274,
                        275,
                        276,
                        277
                    ],
                    "excluded_lines": []
                },
                "": {
                    "executed_lines": [
                        1,
                        3,
                        4,
                        5,
                        6,
                        7,
                        8,
                        9,
                        10,
                        16,
                        17,
                        19,
                        20,
                        21,
                        22,
                        23,
                        29,
                        30,
                        33,
                        45,
                        69,
                        90,
                        107,
                        119,
                        227,
                        262
                    ],
                    "summary": {
                        "covered_lines": 25,
                        "num_statements": 25,
                        "percent_covered": 100.0,
                        "percent_covered_display": "100",
                        "missing_lines": 0,
                        "excluded_lines": 0
                    },
                    "missing_lines": [],
                    "excluded_lines": []
                }
            },
            "classes": {
                "EventListenerError": {
                    "executed_lines": [],
                    "summary": {
                        "covered_lines": 0,
                        "num_statements": 0,
                        "percent_covered": 100.0,
                        "percent_covered_display": "100",
                        "missing_lines": 0,
                        "excluded_lines": 0
                    },
                    "missing_lines": [],
                    "excluded_lines": []
                },
                "": {
                    "executed_lines": [
                        1,
                        3,
                        4,
                        5,
                        6,
                        7,
                        8,
                        9,
                        10,
                        16,
                        17,
                        19,
                        20,
                        21,
                        22,
                        23,
                        29,
                        30,
                        33,
                        45,
                        47,
                        48,
                        56,
                        59,
                        60,
                        62,
                        66,
                        69,
                        90,
                        107,
                        108,
                        109,
                        110,
                        111,
                        112,
                        113,
                        114,
                        115,
                        116,
                        119,
                        121,
                        122,
                        123,
                        128,
                        130,
                        131,
                        132,
                        133,
                        134,
                        137,
                        138,
                        139,
                        140,
                        141,
                        142,
                        143,
                        144,
                        147,
                        148,
                        149,
                        150,
                        151,
                        153,
                        154,
                        156,
                        158,
                        165,
                        166,
                        167,
                        169,
                        170,
                        172,
                        175,
                        176,
                        177,
                        178,
                        180,
                        181,
                        182,
                        184,
                        185,
                        187,
                        194,
                        198,
                        201,
                        202,
                        203,
                        204,
                        205,
                        210,
                        211,
                        213,
                        215,
                        221,
                        222,
                        223,
                        224,
                        227,
                        262
                    ],
                    "summary": {
                        "covered_lines": 98,
                        "num_statements": 163,
                        "percent_covered": 60.122699386503065,
                        "percent_covered_display": "60",
                        "missing_lines": 65,
                        "excluded_lines": 0
                    },
                    "missing_lines": [
                        35,
                        36,
                        39,
                        40,
                        42,
                        63,
                        64,
                        71,
                        72,
                        77,
                        80,
                        81,
                        83,
                        84,
                        85,
                        87,
                        92,
                        93,
                        94,
                        95,
                        96,
                        97,
                        98,
                        99,
                        100,
                        102,
                        103,
                        104,
                        124,
                        125,
                        126,
                        127,
                        152,
                        195,
                        196,
                        229,
                        230,
                        232,
                        233,
                        234,
                        235,
                        236,
                        237,
                        238,
                        240,
                        241,
                        242,
                        243,
                        245,
                        247,
                        248,
                        250,
                        252,
                        254,
                        255,
                        256,
                        259,
                        264,
                        266,
                        267,
                        268,
                        274,
                        275,
                        276,
                        277
                    ],
                    "excluded_lines": []
                }
            }
        },
        "tests/conftest.py": {
            "executed_lines": [
                1,
                3,
                4,
                5,
                6,
                7,
                8,
                11,
                14,
                17,
                18,
                19,
                20,
                21,
                22,
                23,
                24,
                27,
                28,
                34,
                35,
                41,
                42,
                48,
                49
            ],
            "summary": {
                "covered_lines": 24,
                "num_statements": 32,
                "percent_covered": 75.0,
                "percent_covered_display": "75",
                "missing_lines": 8,
                "excluded_lines": 0
            },
            "missing_lines": [
                30,
                31,
                37,
                38,
                44,
                45,
                51,
                52
            ],
            "excluded_lines": [],
            "functions": {
                "s3_client": {
                    "executed_lines": [],
                    "summary": {
                        "covered_lines": 0,
                        "num_statements": 2,
                        "percent_covered": 0.0,
                        "percent_covered_display": "0",
                        "missing_lines": 2,
                        "excluded_lines": 0
                    },
                    "missing_lines": [
                        30,
                        31
                    ],
                    "excluded_lines": []
                },
                "secretsmanager_client": {
                    "executed_lines": [],
                    "summary": {
                        "covered_lines": 0,
                        "num_statements": 2,
                        "percent_covered": 0.0,
                        "percent_covered_display": "0",
                        "missing_lines": 2,
                        "excluded_lines": 0
                    },
                    "missing_lines": [
                        37,
                        38
                    ],
                    "excluded_lines": []
                },
                "sqs_client": {
                    "executed_lines": [],
                    "summary": {
                        "covered_lines": 0,
                        "num_statements": 2,
                        "percent_covered": 0.0,
                        "percent_covered_display": "0",
                        "missing_lines": 2,
                        "excluded_lines": 0
                    },
                    "missing_lines": [
                        44,
                        45
                    ],
                    "excluded_lines": []
                },
                "sns_client": {
                    "executed_lines": [],
                    "summary": {
                        "covered_lines": 0,
                        "num_statements": 2,
                        "percent_covered": 0.0,
                        "percent_covered_display": "0",
                        "missing_lines": 2,
                        "excluded_lines": 0
                    },
                    "missing_lines": [
                        51,
                        52
                    ],
                    "excluded_lines": []
                },
                "": {
                    "executed_lines": [
                        1,
                        3,
                        4,
                        5,
                        6,
                        7,
                        8,
                        11,
                        14,
                        17,
                        18,
                        19,
                        20,
                        21,
                        22,
                        23,
                        24,
                        27,
                        28,
                        34,
                        35,
                        41,
                        42,
                        48,
                        49
                    ],
                    "summary": {
                        "covered_lines": 24,
                        "num_statements": 24,
                        "percent_covered": 100.0,
                        "percent_covered_display": "100",
                        "missing_lines": 0,
                        "excluded_lines": 0
                    },
                    "missing_lines": [],
                    "excluded_lines": []
                }
            },
            "classes": {
                "": {
                    "executed_lines": [
                        1,
                        3,
                        4,
                        5,
                        6,
                        7,
                        8,
                        11,
                        14,
                        17,
                        18,
                        19,
                        20,
                        21,
                        22,
                        23,
                        24,
                        27,
                        28,
                        34,
                        35,
                        41,
                        42,
                        48,
                        49
                    ],
                    "summary": {
                        "covered_lines": 24,
                        "num_statements": 32,
                        "percent_covered": 75.0,
                        "percent_covered_display": "75",
                        "missing_lines": 8,
                        "excluded_lines": 0
                    },
                    "missing_lines": [
                        30,
                        31,
                        37,
                        38,
                        44,
                        45,
                        51,
                        52
                    ],
                    "excluded_lines": []
                }
            }
        },
        "tests/test_transform_data.py": {
            "executed_lines": [
                1,
                12,
                13,
                14,
                15,
                17,
                18,
                19,
                21,
                30,
                31,
                33,
                67,
                68,
                70,
                103,
                104,
                120,
                121,
                123,
                124,
                125,
                127,
                129,
                130,
                131,
                133,
                135,
                136,
                137,
                138,
                140,
                141,
                143,
                144,
                145,
                150,
                154,
                155,
                157,
                165,
                166,
                167,
                168,
                170,
                172,
                173,
                174,
                178,
                179,
                181,
                186,
                187,
                189,
                190,
                192,
                193,
                195,
                196
            ],
            "summary": {
                "covered_lines": 58,
                "num_statements": 59,
                "percent_covered": 98.30508474576271,
                "percent_covered_display": "98",
                "missing_lines": 1,
                "excluded_lines": 0
            },
            "missing_lines": [
                106
            ],
            "excluded_lines": [],
            "functions": {
                "mock_carsales_raw_data": {
                    "executed_lines": [
                        33
                    ],
                    "summary": {
                        "covered_lines": 1,
                        "num_statements": 1,
                        "percent_covered": 100.0,
                        "percent_covered_display": "100",
                        "missing_lines": 0,
                        "excluded_lines": 0
                    },
                    "missing_lines": [],
                    "excluded_lines": []
                },
                "mock_transformed_lead_data": {
                    "executed_lines": [
                        70
                    ],
                    "summary": {
                        "covered_lines": 1,
                        "num_statements": 1,
                        "percent_covered": 100.0,
                        "percent_covered_display": "100",
                        "missing_lines": 0,
                        "excluded_lines": 0
                    },
                    "missing_lines": [],
                    "excluded_lines": []
                },
                "mock_sqs_s3_event": {
                    "executed_lines": [],
                    "summary": {
                        "covered_lines": 0,
                        "num_statements": 1,
                        "percent_covered": 0.0,
                        "percent_covered_display": "0",
                        "missing_lines": 1,
                        "excluded_lines": 0
                    },
                    "missing_lines": [
                        106
                    ],
                    "excluded_lines": []
                },
                "TestSuccessCases.test_extract_value_identification": {
                    "executed_lines": [
                        123,
                        124,
                        125
                    ],
                    "summary": {
                        "covered_lines": 3,
                        "num_statements": 3,
                        "percent_covered": 100.0,
                        "percent_covered_display": "100",
                        "missing_lines": 0,
                        "excluded_lines": 0
                    },
                    "missing_lines": [],
                    "excluded_lines": []
                },
                "TestSuccessCases.test_extract_value_phone": {
                    "executed_lines": [
                        129,
                        130,
                        131
                    ],
                    "summary": {
                        "covered_lines": 3,
                        "num_statements": 3,
                        "percent_covered": 100.0,
                        "percent_covered_display": "100",
                        "missing_lines": 0,
                        "excluded_lines": 0
                    },
                    "missing_lines": [],
                    "excluded_lines": []
                },
                "TestSuccessCases.test_parse_json_to_entries_success": {
                    "executed_lines": [
                        135,
                        136,
                        137,
                        138
                    ],
                    "summary": {
                        "covered_lines": 4,
                        "num_statements": 4,
                        "percent_covered": 100.0,
                        "percent_covered_display": "100",
                        "missing_lines": 0,
                        "excluded_lines": 0
                    },
                    "missing_lines": [],
                    "excluded_lines": []
                },
                "TestSuccessCases.test_upload_consumer_to_db_success": {
                    "executed_lines": [
                        143,
                        144,
                        145,
                        150
                    ],
                    "summary": {
                        "covered_lines": 4,
                        "num_statements": 4,
                        "percent_covered": 100.0,
                        "percent_covered_display": "100",
                        "missing_lines": 0,
                        "excluded_lines": 0
                    },
                    "missing_lines": [],
                    "excluded_lines": []
                },
                "TestEdgeCases.test_parse_json_to_entries_missing_optional_fields": {
                    "executed_lines": [
                        157,
                        165,
                        166,
                        167,
                        168
                    ],
                    "summary": {
                        "covered_lines": 5,
                        "num_statements": 5,
                        "percent_covered": 100.0,
                        "percent_covered_display": "100",
                        "missing_lines": 0,
                        "excluded_lines": 0
                    },
                    "missing_lines": [],
                    "excluded_lines": []
                },
                "TestEdgeCases.test_extract_value_not_found": {
                    "executed_lines": [
                        172,
                        173,
                        174
                    ],
                    "summary": {
                        "covered_lines": 3,
                        "num_statements": 3,
                        "percent_covered": 100.0,
                        "percent_covered_display": "100",
                        "missing_lines": 0,
                        "excluded_lines": 0
                    },
                    "missing_lines": [],
                    "excluded_lines": []
                },
                "TestErrorHandling.test_parse_json_to_entries_missing_required_fields": {
                    "executed_lines": [
                        181,
                        186,
                        187
                    ],
                    "summary": {
                        "covered_lines": 3,
                        "num_statements": 3,
                        "percent_covered": 100.0,
                        "percent_covered_display": "100",
                        "missing_lines": 0,
                        "excluded_lines": 0
                    },
                    "missing_lines": [],
                    "excluded_lines": []
                },
                "TestErrorHandling.test_upload_consumer_to_db_api_error": {
                    "executed_lines": [
                        192,
                        193,
                        195,
                        196
                    ],
                    "summary": {
                        "covered_lines": 4,
                        "num_statements": 4,
                        "percent_covered": 100.0,
                        "percent_covered_display": "100",
                        "missing_lines": 0,
                        "excluded_lines": 0
                    },
                    "missing_lines": [],
                    "excluded_lines": []
                },
                "": {
                    "executed_lines": [
                        1,
                        12,
                        13,
                        14,
                        15,
                        17,
                        18,
                        19,
                        21,
                        30,
                        31,
                        67,
                        68,
                        103,
                        104,
                        120,
                        121,
                        127,
                        133,
                        140,
                        141,
                        154,
                        155,
                        170,
                        178,
                        179,
                        189,
                        190
                    ],
                    "summary": {
                        "covered_lines": 27,
                        "num_statements": 27,
                        "percent_covered": 100.0,
                        "percent_covered_display": "100",
                        "missing_lines": 0,
                        "excluded_lines": 0
                    },
                    "missing_lines": [],
                    "excluded_lines": []
                }
            },
            "classes": {
                "TestSuccessCases": {
                    "executed_lines": [
                        123,
                        124,
                        125,
                        129,
                        130,
                        131,
                        135,
                        136,
                        137,
                        138,
                        143,
                        144,
                        145,
                        150
                    ],
                    "summary": {
                        "covered_lines": 14,
                        "num_statements": 14,
                        "percent_covered": 100.0,
                        "percent_covered_display": "100",
                        "missing_lines": 0,
                        "excluded_lines": 0
                    },
                    "missing_lines": [],
                    "excluded_lines": []
                },
                "TestEdgeCases": {
                    "executed_lines": [
                        157,
                        165,
                        166,
                        167,
                        168,
                        172,
                        173,
                        174
                    ],
                    "summary": {
                        "covered_lines": 8,
                        "num_statements": 8,
                        "percent_covered": 100.0,
                        "percent_covered_display": "100",
                        "missing_lines": 0,
                        "excluded_lines": 0
                    },
                    "missing_lines": [],
                    "excluded_lines": []
                },
                "TestErrorHandling": {
                    "executed_lines": [
                        181,
                        186,
                        187,
                        192,
                        193,
                        195,
                        196
                    ],
                    "summary": {
                        "covered_lines": 7,
                        "num_statements": 7,
                        "percent_covered": 100.0,
                        "percent_covered_display": "100",
                        "missing_lines": 0,
                        "excluded_lines": 0
                    },
                    "missing_lines": [],
                    "excluded_lines": []
                },
                "": {
                    "executed_lines": [
                        1,
                        12,
                        13,
                        14,
                        15,
                        17,
                        18,
                        19,
                        21,
                        30,
                        31,
                        33,
                        67,
                        68,
                        70,
                        103,
                        104,
                        120,
                        121,
                        127,
                        133,
                        140,
                        141,
                        154,
                        155,
                        170,
                        178,
                        179,
                        189,
                        190
                    ],
                    "summary": {
                        "covered_lines": 29,
                        "num_statements": 30,
                        "percent_covered": 96.66666666666667,
                        "percent_covered_display": "97",
                        "missing_lines": 1,
                        "excluded_lines": 0
                    },
                    "missing_lines": [
                        106
                    ],
                    "excluded_lines": []
                }
            }
        }
    },
    "totals": {
        "covered_lines": 180,
        "num_statements": 254,
        "percent_covered": 70.86614173228347,
        "percent_covered_display": "71",
        "missing_lines": 74,
        "excluded_lines": 0
    }
}